<?xml version="1.0" encoding="UTF-8"?>
<coverage generated="1653727143169" clover="3.2.0">
  <project timestamp="1653727143169" name="All files">
    <metrics statements="192" coveredstatements="80" conditionals="4" coveredconditionals="0" methods="80" coveredmethods="41" elements="276" coveredelements="121" complexity="0" loc="192" ncloc="192" packages="35" files="59" classes="59"/>
    <package name="src">
      <metrics statements="11" coveredstatements="1" conditionals="4" coveredconditionals="0" methods="3" coveredmethods="1"/>
      <file name="App.tsx" path="/home/anilkd/Desktop/minet-master 1/minet-master/minet/src/App.tsx">
        <metrics statements="1" coveredstatements="1" conditionals="0" coveredconditionals="0" methods="1" coveredmethods="1"/>
        <line num="11" count="1" type="stmt"/>
      </file>
      <file name="index.tsx" path="/home/anilkd/Desktop/minet-master 1/minet-master/minet/src/index.tsx">
        <metrics statements="2" coveredstatements="0" conditionals="0" coveredconditionals="0" methods="0" coveredmethods="0"/>
        <line num="7" count="0" type="stmt"/>
        <line num="17" count="0" type="stmt"/>
      </file>
      <file name="reportWebVitals.ts" path="/home/anilkd/Desktop/minet-master 1/minet-master/minet/src/reportWebVitals.ts">
        <metrics statements="8" coveredstatements="0" conditionals="4" coveredconditionals="0" methods="2" coveredmethods="0"/>
        <line num="3" count="0" type="stmt"/>
        <line num="4" count="0" type="cond" truecount="0" falsecount="4"/>
        <line num="5" count="0" type="stmt"/>
        <line num="6" count="0" type="stmt"/>
        <line num="7" count="0" type="stmt"/>
        <line num="8" count="0" type="stmt"/>
        <line num="9" count="0" type="stmt"/>
        <line num="10" count="0" type="stmt"/>
      </file>
    </package>
    <package name="src.Components.Atoms.Avatar">
      <metrics statements="5" coveredstatements="2" conditionals="0" coveredconditionals="0" methods="2" coveredmethods="1"/>
      <file name="Avatar.stories.tsx" path="/home/anilkd/Desktop/minet-master 1/minet-master/minet/src/Components/Atoms/Avatar/Avatar.stories.tsx">
        <metrics statements="3" coveredstatements="0" conditionals="0" coveredconditionals="0" methods="1" coveredmethods="0"/>
        <line num="8" count="0" type="stmt"/>
        <line num="9" count="0" type="stmt"/>
        <line num="10" count="0" type="stmt"/>
      </file>
      <file name="Avatar.tsx" path="/home/anilkd/Desktop/minet-master 1/minet-master/minet/src/Components/Atoms/Avatar/Avatar.tsx">
        <metrics statements="2" coveredstatements="2" conditionals="0" coveredconditionals="0" methods="1" coveredmethods="1"/>
        <line num="3" count="9" type="stmt"/>
        <line num="4" count="54" type="stmt"/>
      </file>
    </package>
    <package name="src.Components.Atoms.Button">
      <metrics statements="8" coveredstatements="2" conditionals="0" coveredconditionals="0" methods="2" coveredmethods="1"/>
      <file name="Buttons.stories.tsx" path="/home/anilkd/Desktop/minet-master 1/minet-master/minet/src/Components/Atoms/Button/Buttons.stories.tsx">
        <metrics statements="6" coveredstatements="0" conditionals="0" coveredconditionals="0" methods="1" coveredmethods="0"/>
        <line num="11" count="0" type="stmt"/>
        <line num="12" count="0" type="stmt"/>
        <line num="18" count="0" type="stmt"/>
        <line num="19" count="0" type="stmt"/>
        <line num="27" count="0" type="stmt"/>
        <line num="28" count="0" type="stmt"/>
      </file>
      <file name="Buttons.tsx" path="/home/anilkd/Desktop/minet-master 1/minet-master/minet/src/Components/Atoms/Button/Buttons.tsx">
        <metrics statements="2" coveredstatements="2" conditionals="0" coveredconditionals="0" methods="1" coveredmethods="1"/>
        <line num="18" count="12" type="stmt"/>
        <line num="19" count="294" type="stmt"/>
      </file>
    </package>
    <package name="src.Components.Atoms.Icons">
      <metrics statements="11" coveredstatements="2" conditionals="0" coveredconditionals="0" methods="9" coveredmethods="1"/>
      <file name="Icon.stories.tsx" path="/home/anilkd/Desktop/minet-master 1/minet-master/minet/src/Components/Atoms/Icons/Icon.stories.tsx">
        <metrics statements="9" coveredstatements="0" conditionals="0" coveredconditionals="0" methods="8" coveredmethods="0"/>
        <line num="14" count="0" type="stmt"/>
        <line num="18" count="0" type="stmt"/>
        <line num="19" count="0" type="stmt"/>
        <line num="20" count="0" type="stmt"/>
        <line num="21" count="0" type="stmt"/>
        <line num="22" count="0" type="stmt"/>
        <line num="23" count="0" type="stmt"/>
        <line num="24" count="0" type="stmt"/>
        <line num="25" count="0" type="stmt"/>
      </file>
      <file name="Icon.tsx" path="/home/anilkd/Desktop/minet-master 1/minet-master/minet/src/Components/Atoms/Icons/Icon.tsx">
        <metrics statements="2" coveredstatements="2" conditionals="0" coveredconditionals="0" methods="1" coveredmethods="1"/>
        <line num="4" count="5" type="stmt"/>
        <line num="5" count="86" type="stmt"/>
      </file>
    </package>
    <package name="src.Components.Atoms.Image">
      <metrics statements="3" coveredstatements="1" conditionals="0" coveredconditionals="0" methods="2" coveredmethods="1"/>
      <file name="Images.stories.tsx" path="/home/anilkd/Desktop/minet-master 1/minet-master/minet/src/Components/Atoms/Image/Images.stories.tsx">
        <metrics statements="2" coveredstatements="0" conditionals="0" coveredconditionals="0" methods="1" coveredmethods="0"/>
        <line num="7" count="0" type="stmt"/>
        <line num="8" count="0" type="stmt"/>
      </file>
      <file name="Images.tsx" path="/home/anilkd/Desktop/minet-master 1/minet-master/minet/src/Components/Atoms/Image/Images.tsx">
        <metrics statements="1" coveredstatements="1" conditionals="0" coveredconditionals="0" methods="1" coveredmethods="1"/>
        <line num="4" count="43" type="stmt"/>
      </file>
    </package>
    <package name="src.Components.Atoms.Logo">
      <metrics statements="2" coveredstatements="1" conditionals="0" coveredconditionals="0" methods="2" coveredmethods="1"/>
      <file name="Logo.stories.tsx" path="/home/anilkd/Desktop/minet-master 1/minet-master/minet/src/Components/Atoms/Logo/Logo.stories.tsx">
        <metrics statements="1" coveredstatements="0" conditionals="0" coveredconditionals="0" methods="1" coveredmethods="0"/>
        <line num="7" count="0" type="stmt"/>
      </file>
      <file name="Logo.tsx" path="/home/anilkd/Desktop/minet-master 1/minet-master/minet/src/Components/Atoms/Logo/Logo.tsx">
        <metrics statements="1" coveredstatements="1" conditionals="0" coveredconditionals="0" methods="1" coveredmethods="1"/>
        <line num="4" count="1" type="stmt"/>
      </file>
    </package>
    <package name="src.Components.Atoms.Typography">
      <metrics statements="4" coveredstatements="1" conditionals="0" coveredconditionals="0" methods="2" coveredmethods="1"/>
      <file name="Typography.stories.tsx" path="/home/anilkd/Desktop/minet-master 1/minet-master/minet/src/Components/Atoms/Typography/Typography.stories.tsx">
        <metrics statements="3" coveredstatements="0" conditionals="0" coveredconditionals="0" methods="1" coveredmethods="0"/>
        <line num="12" count="0" type="stmt"/>
        <line num="14" count="0" type="stmt"/>
        <line num="16" count="0" type="stmt"/>
      </file>
      <file name="Typography.tsx" path="/home/anilkd/Desktop/minet-master 1/minet-master/minet/src/Components/Atoms/Typography/Typography.tsx">
        <metrics statements="1" coveredstatements="1" conditionals="0" coveredconditionals="0" methods="1" coveredmethods="1"/>
        <line num="10" count="995" type="stmt"/>
      </file>
    </package>
    <package name="src.Components.Molecules.ActiveCoin">
      <metrics statements="7" coveredstatements="4" conditionals="0" coveredconditionals="0" methods="2" coveredmethods="1"/>
      <file name="ActiveCoin.tsx" path="/home/anilkd/Desktop/minet-master 1/minet-master/minet/src/Components/Molecules/ActiveCoin/ActiveCoin.tsx">
        <metrics statements="7" coveredstatements="4" conditionals="0" coveredconditionals="0" methods="2" coveredmethods="1"/>
        <line num="13" count="1" type="stmt"/>
        <line num="17" count="9" type="stmt"/>
        <line num="19" count="9" type="stmt"/>
        <line num="30" count="0" type="stmt"/>
        <line num="31" count="0" type="stmt"/>
        <line num="32" count="0" type="stmt"/>
        <line num="35" count="9" type="stmt"/>
      </file>
    </package>
    <package name="src.Components.Molecules.Cards">
      <metrics statements="7" coveredstatements="3" conditionals="0" coveredconditionals="0" methods="3" coveredmethods="1"/>
      <file name="Cards.stories.tsx" path="/home/anilkd/Desktop/minet-master 1/minet-master/minet/src/Components/Molecules/Cards/Cards.stories.tsx">
        <metrics statements="3" coveredstatements="0" conditionals="0" coveredconditionals="0" methods="1" coveredmethods="0"/>
        <line num="8" count="0" type="stmt"/>
        <line num="9" count="0" type="stmt"/>
        <line num="10" count="0" type="stmt"/>
      </file>
      <file name="Cards.tsx" path="/home/anilkd/Desktop/minet-master 1/minet-master/minet/src/Components/Molecules/Cards/Cards.tsx">
        <metrics statements="4" coveredstatements="3" conditionals="0" coveredconditionals="0" methods="2" coveredmethods="1"/>
        <line num="7" count="5" type="stmt"/>
        <line num="8" count="1" type="stmt"/>
        <line num="10" count="0" type="stmt"/>
        <line num="12" count="1" type="stmt"/>
      </file>
    </package>
    <package name="src.Components.Molecules.CryptoList">
      <metrics statements="4" coveredstatements="1" conditionals="0" coveredconditionals="0" methods="2" coveredmethods="1"/>
      <file name="CryptoList.stories.tsx" path="/home/anilkd/Desktop/minet-master 1/minet-master/minet/src/Components/Molecules/CryptoList/CryptoList.stories.tsx">
        <metrics statements="3" coveredstatements="0" conditionals="0" coveredconditionals="0" methods="1" coveredmethods="0"/>
        <line num="12" count="0" type="stmt"/>
        <line num="14" count="0" type="stmt"/>
        <line num="15" count="0" type="stmt"/>
      </file>
      <file name="CryptoList.tsx" path="/home/anilkd/Desktop/minet-master 1/minet-master/minet/src/Components/Molecules/CryptoList/CryptoList.tsx">
        <metrics statements="1" coveredstatements="1" conditionals="0" coveredconditionals="0" methods="1" coveredmethods="1"/>
        <line num="11" count="10" type="stmt"/>
      </file>
    </package>
    <package name="src.Components.Molecules.CurrencyCard">
      <metrics statements="5" coveredstatements="2" conditionals="0" coveredconditionals="0" methods="2" coveredmethods="1"/>
      <file name="CurrencyCard.stories.tsx" path="/home/anilkd/Desktop/minet-master 1/minet-master/minet/src/Components/Molecules/CurrencyCard/CurrencyCard.stories.tsx">
        <metrics statements="3" coveredstatements="0" conditionals="0" coveredconditionals="0" methods="1" coveredmethods="0"/>
        <line num="8" count="0" type="stmt"/>
        <line num="9" count="0" type="stmt"/>
        <line num="10" count="0" type="stmt"/>
      </file>
      <file name="CurrencyCard.tsx" path="/home/anilkd/Desktop/minet-master 1/minet-master/minet/src/Components/Molecules/CurrencyCard/CurrencyCard.tsx">
        <metrics statements="2" coveredstatements="2" conditionals="0" coveredconditionals="0" methods="1" coveredmethods="1"/>
        <line num="6" count="2" type="stmt"/>
        <line num="7" count="21" type="stmt"/>
      </file>
    </package>
    <package name="src.Components.Molecules.Deposit">
      <metrics statements="4" coveredstatements="1" conditionals="0" coveredconditionals="0" methods="2" coveredmethods="1"/>
      <file name="deposit.stories.tsx" path="/home/anilkd/Desktop/minet-master 1/minet-master/minet/src/Components/Molecules/Deposit/deposit.stories.tsx">
        <metrics statements="3" coveredstatements="0" conditionals="0" coveredconditionals="0" methods="1" coveredmethods="0"/>
        <line num="13" count="0" type="stmt"/>
        <line num="16" count="0" type="stmt"/>
        <line num="17" count="0" type="stmt"/>
      </file>
      <file name="deposit.tsx" path="/home/anilkd/Desktop/minet-master 1/minet-master/minet/src/Components/Molecules/Deposit/deposit.tsx">
        <metrics statements="1" coveredstatements="1" conditionals="0" coveredconditionals="0" methods="1" coveredmethods="1"/>
        <line num="7" count="15" type="stmt"/>
      </file>
    </package>
    <package name="src.Components.Molecules.Editor">
      <metrics statements="4" coveredstatements="1" conditionals="0" coveredconditionals="0" methods="2" coveredmethods="1"/>
      <file name="Editor.stories.tsx" path="/home/anilkd/Desktop/minet-master 1/minet-master/minet/src/Components/Molecules/Editor/Editor.stories.tsx">
        <metrics statements="3" coveredstatements="0" conditionals="0" coveredconditionals="0" methods="1" coveredmethods="0"/>
        <line num="13" count="0" type="stmt"/>
        <line num="16" count="0" type="stmt"/>
        <line num="17" count="0" type="stmt"/>
      </file>
      <file name="Editor.tsx" path="/home/anilkd/Desktop/minet-master 1/minet-master/minet/src/Components/Molecules/Editor/Editor.tsx">
        <metrics statements="1" coveredstatements="1" conditionals="0" coveredconditionals="0" methods="1" coveredmethods="1"/>
        <line num="8" count="1" type="stmt"/>
      </file>
    </package>
    <package name="src.Components.Molecules.Profile">
      <metrics statements="4" coveredstatements="1" conditionals="0" coveredconditionals="0" methods="2" coveredmethods="1"/>
      <file name="Profile.stories.tsx" path="/home/anilkd/Desktop/minet-master 1/minet-master/minet/src/Components/Molecules/Profile/Profile.stories.tsx">
        <metrics statements="3" coveredstatements="0" conditionals="0" coveredconditionals="0" methods="1" coveredmethods="0"/>
        <line num="13" count="0" type="stmt"/>
        <line num="16" count="0" type="stmt"/>
        <line num="17" count="0" type="stmt"/>
      </file>
      <file name="Profile.tsx" path="/home/anilkd/Desktop/minet-master 1/minet-master/minet/src/Components/Molecules/Profile/Profile.tsx">
        <metrics statements="1" coveredstatements="1" conditionals="0" coveredconditionals="0" methods="1" coveredmethods="1"/>
        <line num="7" count="53" type="stmt"/>
      </file>
    </package>
    <package name="src.Components.Molecules.TotalBalance">
      <metrics statements="4" coveredstatements="1" conditionals="0" coveredconditionals="0" methods="2" coveredmethods="1"/>
      <file name="Balance.stories.tsx" path="/home/anilkd/Desktop/minet-master 1/minet-master/minet/src/Components/Molecules/TotalBalance/Balance.stories.tsx">
        <metrics statements="3" coveredstatements="0" conditionals="0" coveredconditionals="0" methods="1" coveredmethods="0"/>
        <line num="13" count="0" type="stmt"/>
        <line num="16" count="0" type="stmt"/>
        <line num="17" count="0" type="stmt"/>
      </file>
      <file name="Balance.tsx" path="/home/anilkd/Desktop/minet-master 1/minet-master/minet/src/Components/Molecules/TotalBalance/Balance.tsx">
        <metrics statements="1" coveredstatements="1" conditionals="0" coveredconditionals="0" methods="1" coveredmethods="1"/>
        <line num="8" count="12" type="stmt"/>
      </file>
    </package>
    <package name="src.Components.Molecules.dropDown">
      <metrics statements="7" coveredstatements="4" conditionals="0" coveredconditionals="0" methods="3" coveredmethods="2"/>
      <file name="DropDown.stories.tsx" path="/home/anilkd/Desktop/minet-master 1/minet-master/minet/src/Components/Molecules/dropDown/DropDown.stories.tsx">
        <metrics statements="3" coveredstatements="0" conditionals="0" coveredconditionals="0" methods="1" coveredmethods="0"/>
        <line num="13" count="0" type="stmt"/>
        <line num="16" count="0" type="stmt"/>
        <line num="17" count="0" type="stmt"/>
      </file>
      <file name="DropDown.tsx" path="/home/anilkd/Desktop/minet-master 1/minet-master/minet/src/Components/Molecules/dropDown/DropDown.tsx">
        <metrics statements="4" coveredstatements="4" conditionals="0" coveredconditionals="0" methods="2" coveredmethods="2"/>
        <line num="16" count="14" type="stmt"/>
        <line num="51" count="14" type="stmt"/>
        <line num="53" count="14" type="stmt"/>
        <line num="59" count="25" type="stmt"/>
      </file>
    </package>
    <package name="src.Components.Molecules.myWallet">
      <metrics statements="4" coveredstatements="1" conditionals="0" coveredconditionals="0" methods="2" coveredmethods="1"/>
      <file name="myWallet.stories.tsx" path="/home/anilkd/Desktop/minet-master 1/minet-master/minet/src/Components/Molecules/myWallet/myWallet.stories.tsx">
        <metrics statements="3" coveredstatements="0" conditionals="0" coveredconditionals="0" methods="1" coveredmethods="0"/>
        <line num="12" count="0" type="stmt"/>
        <line num="15" count="0" type="stmt"/>
        <line num="16" count="0" type="stmt"/>
      </file>
      <file name="myWallet.tsx" path="/home/anilkd/Desktop/minet-master 1/minet-master/minet/src/Components/Molecules/myWallet/myWallet.tsx">
        <metrics statements="1" coveredstatements="1" conditionals="0" coveredconditionals="0" methods="1" coveredmethods="1"/>
        <line num="8" count="6" type="stmt"/>
      </file>
    </package>
    <package name="src.Components.Molecules.paymentMethod">
      <metrics statements="4" coveredstatements="1" conditionals="0" coveredconditionals="0" methods="2" coveredmethods="1"/>
      <file name="PaymentMethod.stories.tsx" path="/home/anilkd/Desktop/minet-master 1/minet-master/minet/src/Components/Molecules/paymentMethod/PaymentMethod.stories.tsx">
        <metrics statements="3" coveredstatements="0" conditionals="0" coveredconditionals="0" methods="1" coveredmethods="0"/>
        <line num="11" count="0" type="stmt"/>
        <line num="14" count="0" type="stmt"/>
        <line num="15" count="0" type="stmt"/>
      </file>
      <file name="PaymentMethod.tsx" path="/home/anilkd/Desktop/minet-master 1/minet-master/minet/src/Components/Molecules/paymentMethod/PaymentMethod.tsx">
        <metrics statements="1" coveredstatements="1" conditionals="0" coveredconditionals="0" methods="1" coveredmethods="1"/>
        <line num="7" count="14" type="stmt"/>
      </file>
    </package>
    <package name="src.Components.Molecules.reacentTransaction">
      <metrics statements="1" coveredstatements="1" conditionals="0" coveredconditionals="0" methods="1" coveredmethods="1"/>
      <file name="recentTransaction.tsx" path="/home/anilkd/Desktop/minet-master 1/minet-master/minet/src/Components/Molecules/reacentTransaction/recentTransaction.tsx">
        <metrics statements="1" coveredstatements="1" conditionals="0" coveredconditionals="0" methods="1" coveredmethods="1"/>
        <line num="8" count="6" type="stmt"/>
      </file>
    </package>
    <package name="src.Components.Organisms.ActiveTransaction">
      <metrics statements="1" coveredstatements="1" conditionals="0" coveredconditionals="0" methods="1" coveredmethods="1"/>
      <file name="ActiveTransaction.tsx" path="/home/anilkd/Desktop/minet-master 1/minet-master/minet/src/Components/Organisms/ActiveTransaction/ActiveTransaction.tsx">
        <metrics statements="1" coveredstatements="1" conditionals="0" coveredconditionals="0" methods="1" coveredmethods="1"/>
        <line num="13" count="3" type="stmt"/>
      </file>
    </package>
    <package name="src.Components.Organisms.AmountDetails">
      <metrics statements="5" coveredstatements="2" conditionals="0" coveredconditionals="0" methods="2" coveredmethods="1"/>
      <file name="Amount.stories.tsx" path="/home/anilkd/Desktop/minet-master 1/minet-master/minet/src/Components/Organisms/AmountDetails/Amount.stories.tsx">
        <metrics statements="3" coveredstatements="0" conditionals="0" coveredconditionals="0" methods="1" coveredmethods="0"/>
        <line num="11" count="0" type="stmt"/>
        <line num="14" count="0" type="stmt"/>
        <line num="15" count="0" type="stmt"/>
      </file>
      <file name="Amount.tsx" path="/home/anilkd/Desktop/minet-master 1/minet-master/minet/src/Components/Organisms/AmountDetails/Amount.tsx">
        <metrics statements="2" coveredstatements="2" conditionals="0" coveredconditionals="0" methods="1" coveredmethods="1"/>
        <line num="14" count="4" type="stmt"/>
        <line num="16" count="26" type="stmt"/>
      </file>
    </package>
    <package name="src.Components.Organisms.Countables">
      <metrics statements="1" coveredstatements="1" conditionals="0" coveredconditionals="0" methods="1" coveredmethods="1"/>
      <file name="Countables.tsx" path="/home/anilkd/Desktop/minet-master 1/minet-master/minet/src/Components/Organisms/Countables/Countables.tsx">
        <metrics statements="1" coveredstatements="1" conditionals="0" coveredconditionals="0" methods="1" coveredmethods="1"/>
        <line num="6" count="5" type="stmt"/>
      </file>
    </package>
    <package name="src.Components.Organisms.Footer">
      <metrics statements="7" coveredstatements="4" conditionals="0" coveredconditionals="0" methods="2" coveredmethods="1"/>
      <file name="Footer.stories.tsx" path="/home/anilkd/Desktop/minet-master 1/minet-master/minet/src/Components/Organisms/Footer/Footer.stories.tsx">
        <metrics statements="3" coveredstatements="0" conditionals="0" coveredconditionals="0" methods="1" coveredmethods="0"/>
        <line num="10" count="0" type="stmt"/>
        <line num="11" count="0" type="stmt"/>
        <line num="12" count="0" type="stmt"/>
      </file>
      <file name="Footer.tsx" path="/home/anilkd/Desktop/minet-master 1/minet-master/minet/src/Components/Organisms/Footer/Footer.tsx">
        <metrics statements="4" coveredstatements="4" conditionals="0" coveredconditionals="0" methods="1" coveredmethods="1"/>
        <line num="11" count="7" type="stmt"/>
        <line num="13" count="49" type="stmt"/>
        <line num="26" count="49" type="stmt"/>
        <line num="28" count="49" type="stmt"/>
      </file>
    </package>
    <package name="src.Components.Organisms.Header">
      <metrics statements="11" coveredstatements="6" conditionals="0" coveredconditionals="0" methods="4" coveredmethods="3"/>
      <file name="Header.stories.tsx" path="/home/anilkd/Desktop/minet-master 1/minet-master/minet/src/Components/Organisms/Header/Header.stories.tsx">
        <metrics statements="5" coveredstatements="0" conditionals="0" coveredconditionals="0" methods="1" coveredmethods="0"/>
        <line num="14" count="0" type="stmt"/>
        <line num="16" count="0" type="stmt"/>
        <line num="17" count="0" type="stmt"/>
        <line num="25" count="0" type="stmt"/>
        <line num="26" count="0" type="stmt"/>
      </file>
      <file name="Header.tsx" path="/home/anilkd/Desktop/minet-master 1/minet-master/minet/src/Components/Organisms/Header/Header.tsx">
        <metrics statements="6" coveredstatements="6" conditionals="0" coveredconditionals="0" methods="3" coveredmethods="3"/>
        <line num="14" count="52" type="stmt"/>
        <line num="15" count="52" type="stmt"/>
        <line num="52" count="52" type="stmt"/>
        <line num="54" count="52" type="stmt"/>
        <line num="61" count="5" type="stmt"/>
        <line num="62" count="4" type="stmt"/>
      </file>
    </package>
    <package name="src.Components.Organisms.Nav-Bars">
      <metrics statements="5" coveredstatements="2" conditionals="0" coveredconditionals="0" methods="2" coveredmethods="1"/>
      <file name="Nav-Bars.stories.tsx" path="/home/anilkd/Desktop/minet-master 1/minet-master/minet/src/Components/Organisms/Nav-Bars/Nav-Bars.stories.tsx">
        <metrics statements="3" coveredstatements="0" conditionals="0" coveredconditionals="0" methods="1" coveredmethods="0"/>
        <line num="11" count="0" type="stmt"/>
        <line num="14" count="0" type="stmt"/>
        <line num="15" count="0" type="stmt"/>
      </file>
      <file name="NavBarLoad.tsx" path="/home/anilkd/Desktop/minet-master 1/minet-master/minet/src/Components/Organisms/Nav-Bars/NavBarLoad.tsx">
        <metrics statements="2" coveredstatements="2" conditionals="0" coveredconditionals="0" methods="1" coveredmethods="1"/>
        <line num="16" count="7" type="stmt"/>
        <line num="19" count="54" type="stmt"/>
      </file>
    </package>
    <package name="src.Components.Organisms.Summary">
      <metrics statements="6" coveredstatements="2" conditionals="0" coveredconditionals="0" methods="2" coveredmethods="1"/>
      <file name="OrderSummery.stories.tsx" path="/home/anilkd/Desktop/minet-master 1/minet-master/minet/src/Components/Organisms/Summary/OrderSummery.stories.tsx">
        <metrics statements="4" coveredstatements="0" conditionals="0" coveredconditionals="0" methods="1" coveredmethods="0"/>
        <line num="14" count="0" type="stmt"/>
        <line num="15" count="0" type="stmt"/>
        <line num="18" count="0" type="stmt"/>
        <line num="19" count="0" type="stmt"/>
      </file>
      <file name="OrderSummery.tsx" path="/home/anilkd/Desktop/minet-master 1/minet-master/minet/src/Components/Organisms/Summary/OrderSummery.tsx">
        <metrics statements="2" coveredstatements="2" conditionals="0" coveredconditionals="0" methods="1" coveredmethods="1"/>
        <line num="24" count="4" type="stmt"/>
        <line num="27" count="27" type="stmt"/>
      </file>
    </package>
    <package name="src.Components.Organisms.gridCard">
      <metrics statements="16" coveredstatements="11" conditionals="0" coveredconditionals="0" methods="6" coveredmethods="4"/>
      <file name="gridCard.tsx" path="/home/anilkd/Desktop/minet-master 1/minet-master/minet/src/Components/Organisms/gridCard/gridCard.tsx">
        <metrics statements="16" coveredstatements="11" conditionals="0" coveredconditionals="0" methods="6" coveredmethods="4"/>
        <line num="15" count="4" type="stmt"/>
        <line num="34" count="4" type="stmt"/>
        <line num="38" count="0" type="stmt"/>
        <line num="39" count="0" type="stmt"/>
        <line num="42" count="25" type="stmt"/>
        <line num="44" count="25" type="stmt"/>
        <line num="45" count="20" type="stmt"/>
        <line num="46" count="20" type="stmt"/>
        <line num="47" count="0" type="stmt"/>
        <line num="48" count="0" type="stmt"/>
        <line num="50" count="20" type="stmt"/>
        <line num="55" count="25" type="stmt"/>
        <line num="56" count="25" type="stmt"/>
        <line num="57" count="0" type="stmt"/>
        <line num="68" count="25" type="stmt"/>
        <line num="70" count="25" type="stmt"/>
      </file>
    </package>
    <package name="src.Components.Pages.Purchase">
      <metrics statements="14" coveredstatements="4" conditionals="0" coveredconditionals="0" methods="3" coveredmethods="1"/>
      <file name="Purchase.tsx" path="/home/anilkd/Desktop/minet-master 1/minet-master/minet/src/Components/Pages/Purchase/Purchase.tsx">
        <metrics statements="14" coveredstatements="4" conditionals="0" coveredconditionals="0" methods="3" coveredmethods="1"/>
        <line num="13" count="13" type="stmt"/>
        <line num="14" count="13" type="stmt"/>
        <line num="15" count="13" type="stmt"/>
        <line num="19" count="0" type="stmt"/>
        <line num="20" count="0" type="stmt"/>
        <line num="21" count="0" type="stmt"/>
        <line num="22" count="0" type="stmt"/>
        <line num="23" count="0" type="stmt"/>
        <line num="24" count="0" type="stmt"/>
        <line num="25" count="0" type="stmt"/>
        <line num="26" count="0" type="stmt"/>
        <line num="27" count="0" type="stmt"/>
        <line num="31" count="13" type="stmt"/>
        <line num="40" count="0" type="stmt"/>
      </file>
    </package>
    <package name="src.Components.Pages.Sell">
      <metrics statements="14" coveredstatements="4" conditionals="0" coveredconditionals="0" methods="3" coveredmethods="1"/>
      <file name="Sell.tsx" path="/home/anilkd/Desktop/minet-master 1/minet-master/minet/src/Components/Pages/Sell/Sell.tsx">
        <metrics statements="14" coveredstatements="4" conditionals="0" coveredconditionals="0" methods="3" coveredmethods="1"/>
        <line num="13" count="11" type="stmt"/>
        <line num="14" count="11" type="stmt"/>
        <line num="15" count="11" type="stmt"/>
        <line num="19" count="0" type="stmt"/>
        <line num="20" count="0" type="stmt"/>
        <line num="21" count="0" type="stmt"/>
        <line num="22" count="0" type="stmt"/>
        <line num="23" count="0" type="stmt"/>
        <line num="24" count="0" type="stmt"/>
        <line num="25" count="0" type="stmt"/>
        <line num="26" count="0" type="stmt"/>
        <line num="27" count="0" type="stmt"/>
        <line num="31" count="11" type="stmt"/>
        <line num="41" count="0" type="stmt"/>
      </file>
    </package>
    <package name="src.Components.Pages.paymentSuccessScreen">
      <metrics statements="1" coveredstatements="1" conditionals="0" coveredconditionals="0" methods="1" coveredmethods="1"/>
      <file name="Buy.tsx" path="/home/anilkd/Desktop/minet-master 1/minet-master/minet/src/Components/Pages/paymentSuccessScreen/Buy.tsx">
        <metrics statements="1" coveredstatements="1" conditionals="0" coveredconditionals="0" methods="1" coveredmethods="1"/>
        <line num="5" count="6" type="stmt"/>
      </file>
    </package>
    <package name="src.Components.Pages.sellSuccessScreen">
      <metrics statements="1" coveredstatements="1" conditionals="0" coveredconditionals="0" methods="1" coveredmethods="1"/>
      <file name="Wallet.tsx" path="/home/anilkd/Desktop/minet-master 1/minet-master/minet/src/Components/Pages/sellSuccessScreen/Wallet.tsx">
        <metrics statements="1" coveredstatements="1" conditionals="0" coveredconditionals="0" methods="1" coveredmethods="1"/>
        <line num="7" count="6" type="stmt"/>
      </file>
    </package>
    <package name="src.Components.Templates.Base">
      <metrics statements="3" coveredstatements="2" conditionals="0" coveredconditionals="0" methods="2" coveredmethods="1"/>
      <file name="Template.tsx" path="/home/anilkd/Desktop/minet-master 1/minet-master/minet/src/Components/Templates/Base/Template.tsx">
        <metrics statements="3" coveredstatements="2" conditionals="0" coveredconditionals="0" methods="2" coveredmethods="1"/>
        <line num="12" count="46" type="stmt"/>
        <line num="13" count="46" type="stmt"/>
        <line num="16" count="0" type="stmt"/>
      </file>
    </package>
    <package name="src.Components.Templates.BuyScreen">
      <metrics statements="3" coveredstatements="3" conditionals="0" coveredconditionals="0" methods="1" coveredmethods="1"/>
      <file name="BuySuccessScreen.tsx" path="/home/anilkd/Desktop/minet-master 1/minet-master/minet/src/Components/Templates/BuyScreen/BuySuccessScreen.tsx">
        <metrics statements="3" coveredstatements="3" conditionals="0" coveredconditionals="0" methods="1" coveredmethods="1"/>
        <line num="8" count="2" type="stmt"/>
        <line num="30" count="6" type="stmt"/>
        <line num="31" count="6" type="stmt"/>
      </file>
    </package>
    <package name="src.Components.Templates.SellScreen">
      <metrics statements="3" coveredstatements="3" conditionals="0" coveredconditionals="0" methods="1" coveredmethods="1"/>
      <file name="SellSuccessScreen.tsx" path="/home/anilkd/Desktop/minet-master 1/minet-master/minet/src/Components/Templates/SellScreen/SellSuccessScreen.tsx">
        <metrics statements="3" coveredstatements="3" conditionals="0" coveredconditionals="0" methods="1" coveredmethods="1"/>
        <line num="7" count="2" type="stmt"/>
        <line num="34" count="6" type="stmt"/>
        <line num="35" count="6" type="stmt"/>
      </file>
    </package>
    <package name="src.Themes">
      <metrics statements="2" coveredstatements="2" conditionals="0" coveredconditionals="0" methods="1" coveredmethods="1"/>
      <file name="CustomThemeProvider.tsx" path="/home/anilkd/Desktop/minet-master 1/minet-master/minet/src/Themes/CustomThemeProvider.tsx">
        <metrics statements="1" coveredstatements="1" conditionals="0" coveredconditionals="0" methods="1" coveredmethods="1"/>
        <line num="11" count="1" type="stmt"/>
      </file>
      <file name="Theme.tsx" path="/home/anilkd/Desktop/minet-master 1/minet-master/minet/src/Themes/Theme.tsx">
        <metrics statements="1" coveredstatements="1" conditionals="0" coveredconditionals="0" methods="0" coveredmethods="0"/>
        <line num="88" count="12" type="stmt"/>
      </file>
    </package>
  </project>
</coverage>
