{"/home/anilkd/Desktop/minet-master 1/minet-master/src/App.tsx": {"path":"/home/anilkd/Desktop/minet-master 1/minet-master/src/App.tsx","statementMap":{"0":{"start":{"line":11,"column":2},"end":{"line":27,"column":4}}},"fnMap":{"0":{"name":"App","decl":{"start":{"line":10,"column":9},"end":{"line":10,"column":12}},"loc":{"start":{"line":10,"column":15},"end":{"line":28,"column":1}},"line":10}},"branchMap":{},"s":{"0":1},"f":{"0":1},"b":{},"_coverageSchema":"1a1c01bbd47fc00a2c39e90264f33305004495a9","hash":"0a7b0f767750be0e549db80c17bf0a3a4c790447"}
,"/home/anilkd/Desktop/minet-master 1/minet-master/src/index.tsx": {"path":"/home/anilkd/Desktop/minet-master 1/minet-master/src/index.tsx","statementMap":{"0":{"start":{"line":7,"column":0},"end":{"line":12,"column":2}},"1":{"start":{"line":17,"column":0},"end":{"line":17,"column":18}}},"fnMap":{},"branchMap":{},"s":{"0":0,"1":0},"f":{},"b":{}}
,"/home/anilkd/Desktop/minet-master 1/minet-master/src/reportWebVitals.ts": {"path":"/home/anilkd/Desktop/minet-master 1/minet-master/src/reportWebVitals.ts","statementMap":{"0":{"start":{"line":3,"column":24},"end":{"line":13,"column":1}},"1":{"start":{"line":4,"column":2},"end":{"line":12,"column":3}},"2":{"start":{"line":5,"column":4},"end":{"line":11,"column":7}},"3":{"start":{"line":6,"column":6},"end":{"line":6,"column":26}},"4":{"start":{"line":7,"column":6},"end":{"line":7,"column":26}},"5":{"start":{"line":8,"column":6},"end":{"line":8,"column":26}},"6":{"start":{"line":9,"column":6},"end":{"line":9,"column":26}},"7":{"start":{"line":10,"column":6},"end":{"line":10,"column":27}}},"fnMap":{"0":{"name":"(anonymous_0)","decl":{"start":{"line":3,"column":24},"end":{"line":3,"column":25}},"loc":{"start":{"line":3,"column":57},"end":{"line":13,"column":1}},"line":3},"1":{"name":"(anonymous_1)","decl":{"start":{"line":5,"column":30},"end":{"line":5,"column":31}},"loc":{"start":{"line":5,"column":79},"end":{"line":11,"column":5}},"line":5}},"branchMap":{"0":{"loc":{"start":{"line":4,"column":2},"end":{"line":12,"column":3}},"type":"if","locations":[{"start":{"line":4,"column":2},"end":{"line":12,"column":3}},{"start":{},"end":{}}],"line":4},"1":{"loc":{"start":{"line":4,"column":6},"end":{"line":4,"column":52}},"type":"binary-expr","locations":[{"start":{"line":4,"column":6},"end":{"line":4,"column":17}},{"start":{"line":4,"column":21},"end":{"line":4,"column":52}}],"line":4}},"s":{"0":0,"1":0,"2":0,"3":0,"4":0,"5":0,"6":0,"7":0},"f":{"0":0,"1":0},"b":{"0":[0,0],"1":[0,0]}}
,"/home/anilkd/Desktop/minet-master 1/minet-master/src/Components/Atoms/Avatar/Avatar.stories.tsx": {"path":"/home/anilkd/Desktop/minet-master 1/minet-master/src/Components/Atoms/Avatar/Avatar.stories.tsx","statementMap":{"0":{"start":{"line":8,"column":50},"end":{"line":8,"column":82}},"1":{"start":{"line":8,"column":61},"end":{"line":8,"column":82}},"2":{"start":{"line":9,"column":24},"end":{"line":9,"column":41}},"3":{"start":{"line":10,"column":0},"end":{"line":13,"column":2}}},"fnMap":{"0":{"name":"(anonymous_0)","decl":{"start":{"line":8,"column":50},"end":{"line":8,"column":51}},"loc":{"start":{"line":8,"column":61},"end":{"line":8,"column":82}},"line":8}},"branchMap":{},"s":{"0":0,"1":0,"2":0,"3":0},"f":{"0":0},"b":{}}
,"/home/anilkd/Desktop/minet-master 1/minet-master/src/Components/Atoms/Avatar/Avatar.tsx": {"path":"/home/anilkd/Desktop/minet-master 1/minet-master/src/Components/Atoms/Avatar/Avatar.tsx","statementMap":{"0":{"start":{"line":3,"column":16},"end":{"line":7,"column":1}},"1":{"start":{"line":4,"column":4},"end":{"line":6,"column":6}}},"fnMap":{"0":{"name":"(anonymous_0)","decl":{"start":{"line":3,"column":16},"end":{"line":3,"column":17}},"loc":{"start":{"line":3,"column":32},"end":{"line":7,"column":1}},"line":3}},"branchMap":{},"s":{"0":9,"1":54},"f":{"0":54},"b":{},"_coverageSchema":"1a1c01bbd47fc00a2c39e90264f33305004495a9","hash":"954791b11dba61556c7cc686bdf477df567f101e"}
,"/home/anilkd/Desktop/minet-master 1/minet-master/src/Components/Atoms/Button/Buttons.stories.tsx": {"path":"/home/anilkd/Desktop/minet-master 1/minet-master/src/Components/Atoms/Button/Buttons.stories.tsx","statementMap":{"0":{"start":{"line":11,"column":62},"end":{"line":13,"column":1}},"1":{"start":{"line":12,"column":2},"end":{"line":12,"column":62}},"2":{"start":{"line":18,"column":29},"end":{"line":18,"column":52}},"3":{"start":{"line":19,"column":0},"end":{"line":25,"column":2}},"4":{"start":{"line":27,"column":25},"end":{"line":27,"column":48}},"5":{"start":{"line":28,"column":0},"end":{"line":34,"column":2}}},"fnMap":{"0":{"name":"(anonymous_0)","decl":{"start":{"line":11,"column":62},"end":{"line":11,"column":63}},"loc":{"start":{"line":12,"column":2},"end":{"line":12,"column":62}},"line":12}},"branchMap":{},"s":{"0":0,"1":0,"2":0,"3":0,"4":0,"5":0},"f":{"0":0},"b":{}}
,"/home/anilkd/Desktop/minet-master 1/minet-master/src/Components/Atoms/Button/Buttons.tsx": {"path":"/home/anilkd/Desktop/minet-master 1/minet-master/src/Components/Atoms/Button/Buttons.tsx","statementMap":{"0":{"start":{"line":18,"column":51},"end":{"line":26,"column":3}},"1":{"start":{"line":19,"column":4},"end":{"line":25,"column":5}}},"fnMap":{"0":{"name":"(anonymous_0)","decl":{"start":{"line":18,"column":51},"end":{"line":18,"column":52}},"loc":{"start":{"line":18,"column":65},"end":{"line":26,"column":3}},"line":18}},"branchMap":{},"s":{"0":12,"1":294},"f":{"0":294},"b":{},"_coverageSchema":"1a1c01bbd47fc00a2c39e90264f33305004495a9","hash":"d378bfb03c7bc271a66baf55ea3ac5eb6a1ee3d0"}
,"/home/anilkd/Desktop/minet-master 1/minet-master/src/Components/Atoms/Icons/Icon.stories.tsx": {"path":"/home/anilkd/Desktop/minet-master 1/minet-master/src/Components/Atoms/Icons/Icon.stories.tsx","statementMap":{"0":{"start":{"line":14,"column":14},"end":{"line":17,"column":31}},"1":{"start":{"line":18,"column":53},"end":{"line":18,"column":102}},"2":{"start":{"line":18,"column":63},"end":{"line":18,"column":102}},"3":{"start":{"line":19,"column":57},"end":{"line":19,"column":116}},"4":{"start":{"line":19,"column":67},"end":{"line":19,"column":116}},"5":{"start":{"line":20,"column":51},"end":{"line":20,"column":109}},"6":{"start":{"line":20,"column":61},"end":{"line":20,"column":109}},"7":{"start":{"line":21,"column":53},"end":{"line":21,"column":101}},"8":{"start":{"line":21,"column":63},"end":{"line":21,"column":101}},"9":{"start":{"line":22,"column":49},"end":{"line":22,"column":96}},"10":{"start":{"line":22,"column":59},"end":{"line":22,"column":96}},"11":{"start":{"line":23,"column":50},"end":{"line":23,"column":99}},"12":{"start":{"line":23,"column":60},"end":{"line":23,"column":99}},"13":{"start":{"line":24,"column":49},"end":{"line":24,"column":96}},"14":{"start":{"line":24,"column":59},"end":{"line":24,"column":96}},"15":{"start":{"line":25,"column":49},"end":{"line":25,"column":106}},"16":{"start":{"line":25,"column":59},"end":{"line":25,"column":106}}},"fnMap":{"0":{"name":"(anonymous_0)","decl":{"start":{"line":18,"column":53},"end":{"line":18,"column":54}},"loc":{"start":{"line":18,"column":63},"end":{"line":18,"column":102}},"line":18},"1":{"name":"(anonymous_1)","decl":{"start":{"line":19,"column":57},"end":{"line":19,"column":58}},"loc":{"start":{"line":19,"column":67},"end":{"line":19,"column":116}},"line":19},"2":{"name":"(anonymous_2)","decl":{"start":{"line":20,"column":51},"end":{"line":20,"column":52}},"loc":{"start":{"line":20,"column":61},"end":{"line":20,"column":109}},"line":20},"3":{"name":"(anonymous_3)","decl":{"start":{"line":21,"column":53},"end":{"line":21,"column":54}},"loc":{"start":{"line":21,"column":63},"end":{"line":21,"column":101}},"line":21},"4":{"name":"(anonymous_4)","decl":{"start":{"line":22,"column":49},"end":{"line":22,"column":50}},"loc":{"start":{"line":22,"column":59},"end":{"line":22,"column":96}},"line":22},"5":{"name":"(anonymous_5)","decl":{"start":{"line":23,"column":50},"end":{"line":23,"column":51}},"loc":{"start":{"line":23,"column":60},"end":{"line":23,"column":99}},"line":23},"6":{"name":"(anonymous_6)","decl":{"start":{"line":24,"column":49},"end":{"line":24,"column":50}},"loc":{"start":{"line":24,"column":59},"end":{"line":24,"column":96}},"line":24},"7":{"name":"(anonymous_7)","decl":{"start":{"line":25,"column":49},"end":{"line":25,"column":50}},"loc":{"start":{"line":25,"column":59},"end":{"line":25,"column":106}},"line":25}},"branchMap":{},"s":{"0":0,"1":0,"2":0,"3":0,"4":0,"5":0,"6":0,"7":0,"8":0,"9":0,"10":0,"11":0,"12":0,"13":0,"14":0,"15":0,"16":0},"f":{"0":0,"1":0,"2":0,"3":0,"4":0,"5":0,"6":0,"7":0},"b":{}}
,"/home/anilkd/Desktop/minet-master 1/minet-master/src/Components/Atoms/Icons/Icon.tsx": {"path":"/home/anilkd/Desktop/minet-master 1/minet-master/src/Components/Atoms/Icons/Icon.tsx","statementMap":{"0":{"start":{"line":4,"column":13},"end":{"line":9,"column":9}},"1":{"start":{"line":5,"column":4},"end":{"line":9,"column":6}}},"fnMap":{"0":{"name":"(anonymous_0)","decl":{"start":{"line":4,"column":13},"end":{"line":4,"column":14}},"loc":{"start":{"line":4,"column":38},"end":{"line":9,"column":9}},"line":4}},"branchMap":{},"s":{"0":5,"1":86},"f":{"0":86},"b":{},"_coverageSchema":"1a1c01bbd47fc00a2c39e90264f33305004495a9","hash":"480f27a72a638e47bf4e560637c2a482d1e4d6fa"}
,"/home/anilkd/Desktop/minet-master 1/minet-master/src/Components/Atoms/Image/Images.stories.tsx": {"path":"/home/anilkd/Desktop/minet-master 1/minet-master/src/Components/Atoms/Image/Images.stories.tsx","statementMap":{"0":{"start":{"line":7,"column":55},"end":{"line":7,"column":88}},"1":{"start":{"line":7,"column":69},"end":{"line":7,"column":88}},"2":{"start":{"line":8,"column":0},"end":{"line":12,"column":5}}},"fnMap":{"0":{"name":"(anonymous_0)","decl":{"start":{"line":7,"column":55},"end":{"line":7,"column":56}},"loc":{"start":{"line":7,"column":69},"end":{"line":7,"column":88}},"line":7}},"branchMap":{},"s":{"0":0,"1":0,"2":0},"f":{"0":0},"b":{}}
,"/home/anilkd/Desktop/minet-master 1/minet-master/src/Components/Atoms/Image/Images.tsx": {"path":"/home/anilkd/Desktop/minet-master 1/minet-master/src/Components/Atoms/Image/Images.tsx","statementMap":{"0":{"start":{"line":4,"column":2},"end":{"line":6,"column":4}}},"fnMap":{"0":{"name":"Image","decl":{"start":{"line":3,"column":9},"end":{"line":3,"column":14}},"loc":{"start":{"line":3,"column":26},"end":{"line":7,"column":1}},"line":3}},"branchMap":{},"s":{"0":43},"f":{"0":43},"b":{},"_coverageSchema":"1a1c01bbd47fc00a2c39e90264f33305004495a9","hash":"a0f62957922ee1fdc92e8428ad1158803aeb64c6"}
,"/home/anilkd/Desktop/minet-master 1/minet-master/src/Components/Atoms/Logo/Logo.stories.tsx": {"path":"/home/anilkd/Desktop/minet-master 1/minet-master/src/Components/Atoms/Logo/Logo.stories.tsx","statementMap":{"0":{"start":{"line":7,"column":18},"end":{"line":7,"column":32}},"1":{"start":{"line":7,"column":24},"end":{"line":7,"column":32}}},"fnMap":{"0":{"name":"(anonymous_0)","decl":{"start":{"line":7,"column":18},"end":{"line":7,"column":19}},"loc":{"start":{"line":7,"column":24},"end":{"line":7,"column":32}},"line":7}},"branchMap":{},"s":{"0":0,"1":0},"f":{"0":0},"b":{}}
,"/home/anilkd/Desktop/minet-master 1/minet-master/src/Components/Atoms/Logo/Logo.tsx": {"path":"/home/anilkd/Desktop/minet-master 1/minet-master/src/Components/Atoms/Logo/Logo.tsx","statementMap":{"0":{"start":{"line":4,"column":4},"end":{"line":6,"column":6}}},"fnMap":{"0":{"name":"logo","decl":{"start":{"line":3,"column":24},"end":{"line":3,"column":28}},"loc":{"start":{"line":3,"column":30},"end":{"line":7,"column":1}},"line":3}},"branchMap":{},"s":{"0":1},"f":{"0":1},"b":{},"_coverageSchema":"1a1c01bbd47fc00a2c39e90264f33305004495a9","hash":"5cc31a37a50dae3ac6eaa1f7810ada26bbb7001d"}
,"/home/anilkd/Desktop/minet-master 1/minet-master/src/Components/Atoms/Typography/Typography.stories.tsx": {"path":"/home/anilkd/Desktop/minet-master 1/minet-master/src/Components/Atoms/Typography/Typography.stories.tsx","statementMap":{"0":{"start":{"line":12,"column":51},"end":{"line":12,"column":83}},"1":{"start":{"line":12,"column":61},"end":{"line":12,"column":83}},"2":{"start":{"line":14,"column":20},"end":{"line":14,"column":37}},"3":{"start":{"line":16,"column":0},"end":{"line":20,"column":2}}},"fnMap":{"0":{"name":"(anonymous_0)","decl":{"start":{"line":12,"column":51},"end":{"line":12,"column":52}},"loc":{"start":{"line":12,"column":61},"end":{"line":12,"column":83}},"line":12}},"branchMap":{},"s":{"0":0,"1":0,"2":0,"3":0},"f":{"0":0},"b":{}}
,"/home/anilkd/Desktop/minet-master 1/minet-master/src/Components/Atoms/Typography/Typography.tsx": {"path":"/home/anilkd/Desktop/minet-master 1/minet-master/src/Components/Atoms/Typography/Typography.tsx","statementMap":{"0":{"start":{"line":10,"column":4},"end":{"line":12,"column":5}}},"fnMap":{"0":{"name":"Typography","decl":{"start":{"line":9,"column":24},"end":{"line":9,"column":34}},"loc":{"start":{"line":9,"column":65},"end":{"line":12,"column":6}},"line":9}},"branchMap":{},"s":{"0":1012},"f":{"0":1012},"b":{},"_coverageSchema":"1a1c01bbd47fc00a2c39e90264f33305004495a9","hash":"be9b55bd6f68cda70ff5e0eacaed6e92976a97a8"}
,"/home/anilkd/Desktop/minet-master 1/minet-master/src/Components/Molecules/ActiveCoin/ActiveCoin.tsx": {"path":"/home/anilkd/Desktop/minet-master 1/minet-master/src/Components/Molecules/ActiveCoin/ActiveCoin.tsx","statementMap":{"0":{"start":{"line":13,"column":19},"end":{"line":52,"column":1}},"1":{"start":{"line":17,"column":44},"end":{"line":17,"column":68}},"2":{"start":{"line":19,"column":20},"end":{"line":27,"column":9}},"3":{"start":{"line":30,"column":8},"end":{"line":30,"column":48}},"4":{"start":{"line":31,"column":8},"end":{"line":31,"column":34}},"5":{"start":{"line":32,"column":8},"end":{"line":32,"column":57}},"6":{"start":{"line":35,"column":4},"end":{"line":51,"column":5}}},"fnMap":{"0":{"name":"(anonymous_0)","decl":{"start":{"line":13,"column":19},"end":{"line":13,"column":20}},"loc":{"start":{"line":13,"column":33},"end":{"line":52,"column":1}},"line":13},"1":{"name":"onButtonClickHandler","decl":{"start":{"line":29,"column":13},"end":{"line":29,"column":33}},"loc":{"start":{"line":29,"column":45},"end":{"line":33,"column":5}},"line":29}},"branchMap":{},"s":{"0":1,"1":9,"2":9,"3":0,"4":0,"5":0,"6":9},"f":{"0":9,"1":0},"b":{},"_coverageSchema":"1a1c01bbd47fc00a2c39e90264f33305004495a9","hash":"2f89bce452a06418a4becaf0986ef49b000090b8"}
,"/home/anilkd/Desktop/minet-master 1/minet-master/src/Components/Molecules/Cards/Cards.stories.tsx": {"path":"/home/anilkd/Desktop/minet-master 1/minet-master/src/Components/Molecules/Cards/Cards.stories.tsx","statementMap":{"0":{"start":{"line":8,"column":47},"end":{"line":8,"column":93}},"1":{"start":{"line":8,"column":55},"end":{"line":8,"column":93}},"2":{"start":{"line":9,"column":23},"end":{"line":9,"column":40}},"3":{"start":{"line":10,"column":2},"end":{"line":15,"column":4}}},"fnMap":{"0":{"name":"(anonymous_0)","decl":{"start":{"line":8,"column":47},"end":{"line":8,"column":48}},"loc":{"start":{"line":8,"column":55},"end":{"line":8,"column":93}},"line":8}},"branchMap":{},"s":{"0":0,"1":0,"2":0,"3":0},"f":{"0":0},"b":{}}
,"/home/anilkd/Desktop/minet-master 1/minet-master/src/Components/Molecules/Cards/Cards.tsx": {"path":"/home/anilkd/Desktop/minet-master 1/minet-master/src/Components/Molecules/Cards/Cards.tsx","statementMap":{"0":{"start":{"line":7,"column":14},"end":{"line":27,"column":5}},"1":{"start":{"line":8,"column":29},"end":{"line":8,"column":51}},"2":{"start":{"line":10,"column":4},"end":{"line":10,"column":52}},"3":{"start":{"line":12,"column":0},"end":{"line":27,"column":3}}},"fnMap":{"0":{"name":"(anonymous_0)","decl":{"start":{"line":7,"column":14},"end":{"line":7,"column":15}},"loc":{"start":{"line":7,"column":28},"end":{"line":27,"column":5}},"line":7},"1":{"name":"onCardClickHandler","decl":{"start":{"line":9,"column":10},"end":{"line":9,"column":28}},"loc":{"start":{"line":9,"column":31},"end":{"line":11,"column":1}},"line":9}},"branchMap":{},"s":{"0":5,"1":1,"2":0,"3":1},"f":{"0":1,"1":0},"b":{},"_coverageSchema":"1a1c01bbd47fc00a2c39e90264f33305004495a9","hash":"ce3ac515fb2bf0591cec8dcf5c5eee5f633a42f1"}
,"/home/anilkd/Desktop/minet-master 1/minet-master/src/Components/Molecules/ChartTabs/ChartTabs.tsx": {"path":"/home/anilkd/Desktop/minet-master 1/minet-master/src/Components/Molecules/ChartTabs/ChartTabs.tsx","statementMap":{"0":{"start":{"line":4,"column":4},"end":{"line":20,"column":5}}},"fnMap":{"0":{"name":"ChartTabs","decl":{"start":{"line":3,"column":24},"end":{"line":3,"column":33}},"loc":{"start":{"line":3,"column":36},"end":{"line":21,"column":1}},"line":3}},"branchMap":{},"s":{"0":10},"f":{"0":10},"b":{},"_coverageSchema":"1a1c01bbd47fc00a2c39e90264f33305004495a9","hash":"5fa6ace84012e10c74ee55067c6157887b7a341c"}
,"/home/anilkd/Desktop/minet-master 1/minet-master/src/Components/Molecules/Charts/Charts.tsx": {"path":"/home/anilkd/Desktop/minet-master 1/minet-master/src/Components/Molecules/Charts/Charts.tsx","statementMap":{"0":{"start":{"line":14,"column":15},"end":{"line":138,"column":1}},"1":{"start":{"line":16,"column":20},"end":{"line":67,"column":3}},"2":{"start":{"line":68,"column":23},"end":{"line":109,"column":3}},"3":{"start":{"line":69,"column":4},"end":{"line":69,"column":37}},"4":{"start":{"line":70,"column":4},"end":{"line":70,"column":27}},"5":{"start":{"line":71,"column":29},"end":{"line":71,"column":113}},"6":{"start":{"line":71,"column":69},"end":{"line":71,"column":109}},"7":{"start":{"line":73,"column":20},"end":{"line":104,"column":3}},"8":{"start":{"line":106,"column":2},"end":{"line":108,"column":3}},"9":{"start":{"line":111,"column":2},"end":{"line":137,"column":3}}},"fnMap":{"0":{"name":"(anonymous_0)","decl":{"start":{"line":14,"column":15},"end":{"line":14,"column":16}},"loc":{"start":{"line":14,"column":31},"end":{"line":138,"column":1}},"line":14},"1":{"name":"(anonymous_1)","decl":{"start":{"line":68,"column":23},"end":{"line":68,"column":24}},"loc":{"start":{"line":68,"column":29},"end":{"line":109,"column":3}},"line":68},"2":{"name":"(anonymous_2)","decl":{"start":{"line":71,"column":46},"end":{"line":71,"column":47}},"loc":{"start":{"line":71,"column":69},"end":{"line":71,"column":109}},"line":71}},"branchMap":{},"s":{"0":1,"1":1,"2":1,"3":1,"4":1,"5":1,"6":7,"7":1,"8":1,"9":1},"f":{"0":1,"1":1,"2":7},"b":{},"_coverageSchema":"1a1c01bbd47fc00a2c39e90264f33305004495a9","hash":"2c7de5bd19cf3f2817a465df62b29259cf8eebf0"}
,"/home/anilkd/Desktop/minet-master 1/minet-master/src/Components/Molecules/CryptoList/CryptoList.stories.tsx": {"path":"/home/anilkd/Desktop/minet-master 1/minet-master/src/Components/Molecules/CryptoList/CryptoList.stories.tsx","statementMap":{"0":{"start":{"line":12,"column":53},"end":{"line":12,"column":76}},"1":{"start":{"line":12,"column":61},"end":{"line":12,"column":76}},"2":{"start":{"line":14,"column":24},"end":{"line":14,"column":41}},"3":{"start":{"line":15,"column":2},"end":{"line":18,"column":4}}},"fnMap":{"0":{"name":"(anonymous_0)","decl":{"start":{"line":12,"column":53},"end":{"line":12,"column":54}},"loc":{"start":{"line":12,"column":61},"end":{"line":12,"column":76}},"line":12}},"branchMap":{},"s":{"0":0,"1":0,"2":0,"3":0},"f":{"0":0},"b":{}}
,"/home/anilkd/Desktop/minet-master 1/minet-master/src/Components/Molecules/CryptoList/CryptoList.tsx": {"path":"/home/anilkd/Desktop/minet-master 1/minet-master/src/Components/Molecules/CryptoList/CryptoList.tsx","statementMap":{"0":{"start":{"line":11,"column":2},"end":{"line":55,"column":3}}},"fnMap":{"0":{"name":"CryptoList","decl":{"start":{"line":10,"column":24},"end":{"line":10,"column":34}},"loc":{"start":{"line":10,"column":47},"end":{"line":56,"column":1}},"line":10}},"branchMap":{},"s":{"0":10},"f":{"0":10},"b":{},"_coverageSchema":"1a1c01bbd47fc00a2c39e90264f33305004495a9","hash":"84e624c2a8968a09ebbbc6ed9ca0bfff848f28f1"}
,"/home/anilkd/Desktop/minet-master 1/minet-master/src/Components/Molecules/CurrencyCard/CurrencyCard.stories.tsx": {"path":"/home/anilkd/Desktop/minet-master 1/minet-master/src/Components/Molecules/CurrencyCard/CurrencyCard.stories.tsx","statementMap":{"0":{"start":{"line":8,"column":55},"end":{"line":8,"column":117}},"1":{"start":{"line":8,"column":63},"end":{"line":8,"column":117}},"2":{"start":{"line":9,"column":23},"end":{"line":9,"column":40}},"3":{"start":{"line":10,"column":2},"end":{"line":17,"column":4}}},"fnMap":{"0":{"name":"(anonymous_0)","decl":{"start":{"line":8,"column":55},"end":{"line":8,"column":56}},"loc":{"start":{"line":8,"column":63},"end":{"line":8,"column":117}},"line":8}},"branchMap":{},"s":{"0":0,"1":0,"2":0,"3":0},"f":{"0":0},"b":{}}
,"/home/anilkd/Desktop/minet-master 1/minet-master/src/Components/Molecules/CurrencyCard/CurrencyCard.tsx": {"path":"/home/anilkd/Desktop/minet-master 1/minet-master/src/Components/Molecules/CurrencyCard/CurrencyCard.tsx","statementMap":{"0":{"start":{"line":6,"column":21},"end":{"line":24,"column":1}},"1":{"start":{"line":7,"column":4},"end":{"line":23,"column":5}}},"fnMap":{"0":{"name":"(anonymous_0)","decl":{"start":{"line":6,"column":21},"end":{"line":6,"column":22}},"loc":{"start":{"line":6,"column":37},"end":{"line":24,"column":1}},"line":6}},"branchMap":{},"s":{"0":2,"1":21},"f":{"0":21},"b":{},"_coverageSchema":"1a1c01bbd47fc00a2c39e90264f33305004495a9","hash":"b4f6e1d6ecced0bf53618a46eaf12ac2b4ec5f10"}
,"/home/anilkd/Desktop/minet-master 1/minet-master/src/Components/Molecules/Deposit/deposit.stories.tsx": {"path":"/home/anilkd/Desktop/minet-master 1/minet-master/src/Components/Molecules/Deposit/deposit.stories.tsx","statementMap":{"0":{"start":{"line":13,"column":50},"end":{"line":13,"column":69}},"1":{"start":{"line":13,"column":58},"end":{"line":13,"column":69}},"2":{"start":{"line":16,"column":26},"end":{"line":16,"column":43}},"3":{"start":{"line":17,"column":2},"end":{"line":24,"column":4}}},"fnMap":{"0":{"name":"(anonymous_0)","decl":{"start":{"line":13,"column":50},"end":{"line":13,"column":51}},"loc":{"start":{"line":13,"column":58},"end":{"line":13,"column":69}},"line":13}},"branchMap":{},"s":{"0":0,"1":0,"2":0,"3":0},"f":{"0":0},"b":{}}
,"/home/anilkd/Desktop/minet-master 1/minet-master/src/Components/Molecules/Deposit/deposit.tsx": {"path":"/home/anilkd/Desktop/minet-master 1/minet-master/src/Components/Molecules/Deposit/deposit.tsx","statementMap":{"0":{"start":{"line":7,"column":4},"end":{"line":28,"column":5}}},"fnMap":{"0":{"name":"Deposit","decl":{"start":{"line":6,"column":24},"end":{"line":6,"column":31}},"loc":{"start":{"line":6,"column":34},"end":{"line":29,"column":1}},"line":6}},"branchMap":{},"s":{"0":15},"f":{"0":15},"b":{},"_coverageSchema":"1a1c01bbd47fc00a2c39e90264f33305004495a9","hash":"09524b53d422072e53e8e3b19ee75afd39b2946f"}
,"/home/anilkd/Desktop/minet-master 1/minet-master/src/Components/Molecules/Editor/Editor.stories.tsx": {"path":"/home/anilkd/Desktop/minet-master 1/minet-master/src/Components/Molecules/Editor/Editor.stories.tsx","statementMap":{"0":{"start":{"line":13,"column":49},"end":{"line":13,"column":69}},"1":{"start":{"line":13,"column":57},"end":{"line":13,"column":69}},"2":{"start":{"line":16,"column":22},"end":{"line":16,"column":39}},"3":{"start":{"line":17,"column":2},"end":{"line":21,"column":4}}},"fnMap":{"0":{"name":"(anonymous_0)","decl":{"start":{"line":13,"column":49},"end":{"line":13,"column":50}},"loc":{"start":{"line":13,"column":57},"end":{"line":13,"column":69}},"line":13}},"branchMap":{},"s":{"0":0,"1":0,"2":0,"3":0},"f":{"0":0},"b":{}}
,"/home/anilkd/Desktop/minet-master 1/minet-master/src/Components/Molecules/Editor/Editor.tsx": {"path":"/home/anilkd/Desktop/minet-master 1/minet-master/src/Components/Molecules/Editor/Editor.tsx","statementMap":{"0":{"start":{"line":8,"column":4},"end":{"line":15,"column":6}}},"fnMap":{"0":{"name":"Editor","decl":{"start":{"line":7,"column":24},"end":{"line":7,"column":30}},"loc":{"start":{"line":7,"column":33},"end":{"line":16,"column":1}},"line":7}},"branchMap":{},"s":{"0":1},"f":{"0":1},"b":{},"_coverageSchema":"1a1c01bbd47fc00a2c39e90264f33305004495a9","hash":"5fffec83c55aefffdf98069c08e3b580dfec4e7a"}
,"/home/anilkd/Desktop/minet-master 1/minet-master/src/Components/Molecules/Investment/Investment.tsx": {"path":"/home/anilkd/Desktop/minet-master 1/minet-master/src/Components/Molecules/Investment/Investment.tsx","statementMap":{"0":{"start":{"line":8,"column":4},"end":{"line":30,"column":5}}},"fnMap":{"0":{"name":"Investment","decl":{"start":{"line":7,"column":24},"end":{"line":7,"column":34}},"loc":{"start":{"line":7,"column":37},"end":{"line":32,"column":1}},"line":7}},"branchMap":{},"s":{"0":3},"f":{"0":3},"b":{},"_coverageSchema":"1a1c01bbd47fc00a2c39e90264f33305004495a9","hash":"fa8ea5d124a6fd9408dda1aa105f6952e31cef6e"}
,"/home/anilkd/Desktop/minet-master 1/minet-master/src/Components/Molecules/Profile/Profile.stories.tsx": {"path":"/home/anilkd/Desktop/minet-master 1/minet-master/src/Components/Molecules/Profile/Profile.stories.tsx","statementMap":{"0":{"start":{"line":13,"column":50},"end":{"line":13,"column":71}},"1":{"start":{"line":13,"column":58},"end":{"line":13,"column":71}},"2":{"start":{"line":16,"column":25},"end":{"line":16,"column":42}},"3":{"start":{"line":17,"column":2},"end":{"line":21,"column":4}}},"fnMap":{"0":{"name":"(anonymous_0)","decl":{"start":{"line":13,"column":50},"end":{"line":13,"column":51}},"loc":{"start":{"line":13,"column":58},"end":{"line":13,"column":71}},"line":13}},"branchMap":{},"s":{"0":0,"1":0,"2":0,"3":0},"f":{"0":0},"b":{}}
,"/home/anilkd/Desktop/minet-master 1/minet-master/src/Components/Molecules/Profile/Profile.tsx": {"path":"/home/anilkd/Desktop/minet-master 1/minet-master/src/Components/Molecules/Profile/Profile.tsx","statementMap":{"0":{"start":{"line":7,"column":4},"end":{"line":14,"column":6}}},"fnMap":{"0":{"name":"Profile","decl":{"start":{"line":6,"column":24},"end":{"line":6,"column":31}},"loc":{"start":{"line":6,"column":34},"end":{"line":15,"column":1}},"line":6}},"branchMap":{},"s":{"0":53},"f":{"0":53},"b":{},"_coverageSchema":"1a1c01bbd47fc00a2c39e90264f33305004495a9","hash":"a706b4a77cac55445db971265fc701cdedd259d3"}
,"/home/anilkd/Desktop/minet-master 1/minet-master/src/Components/Molecules/TotalBalance/Balance.stories.tsx": {"path":"/home/anilkd/Desktop/minet-master 1/minet-master/src/Components/Molecules/TotalBalance/Balance.stories.tsx","statementMap":{"0":{"start":{"line":13,"column":50},"end":{"line":13,"column":69}},"1":{"start":{"line":13,"column":58},"end":{"line":13,"column":69}},"2":{"start":{"line":16,"column":21},"end":{"line":16,"column":38}},"3":{"start":{"line":17,"column":2},"end":{"line":25,"column":4}}},"fnMap":{"0":{"name":"(anonymous_0)","decl":{"start":{"line":13,"column":50},"end":{"line":13,"column":51}},"loc":{"start":{"line":13,"column":58},"end":{"line":13,"column":69}},"line":13}},"branchMap":{},"s":{"0":0,"1":0,"2":0,"3":0},"f":{"0":0},"b":{}}
,"/home/anilkd/Desktop/minet-master 1/minet-master/src/Components/Molecules/TotalBalance/Balance.tsx": {"path":"/home/anilkd/Desktop/minet-master 1/minet-master/src/Components/Molecules/TotalBalance/Balance.tsx","statementMap":{"0":{"start":{"line":8,"column":4},"end":{"line":25,"column":6}}},"fnMap":{"0":{"name":"Balance","decl":{"start":{"line":7,"column":24},"end":{"line":7,"column":31}},"loc":{"start":{"line":7,"column":34},"end":{"line":26,"column":1}},"line":7}},"branchMap":{},"s":{"0":12},"f":{"0":12},"b":{},"_coverageSchema":"1a1c01bbd47fc00a2c39e90264f33305004495a9","hash":"217dc20c58612c3e991b2d917826afd149e71a00"}
,"/home/anilkd/Desktop/minet-master 1/minet-master/src/Components/Molecules/dropDown/DropDown.stories.tsx": {"path":"/home/anilkd/Desktop/minet-master 1/minet-master/src/Components/Molecules/dropDown/DropDown.stories.tsx","statementMap":{"0":{"start":{"line":13,"column":51},"end":{"line":13,"column":71}},"1":{"start":{"line":13,"column":59},"end":{"line":13,"column":71}},"2":{"start":{"line":16,"column":26},"end":{"line":16,"column":43}},"3":{"start":{"line":17,"column":2},"end":{"line":21,"column":4}}},"fnMap":{"0":{"name":"(anonymous_0)","decl":{"start":{"line":13,"column":51},"end":{"line":13,"column":52}},"loc":{"start":{"line":13,"column":59},"end":{"line":13,"column":71}},"line":13}},"branchMap":{},"s":{"0":0,"1":0,"2":0,"3":0},"f":{"0":0},"b":{}}
,"/home/anilkd/Desktop/minet-master 1/minet-master/src/Components/Molecules/dropDown/DropDown.tsx": {"path":"/home/anilkd/Desktop/minet-master 1/minet-master/src/Components/Molecules/dropDown/DropDown.tsx","statementMap":{"0":{"start":{"line":16,"column":25},"end":{"line":49,"column":4}},"1":{"start":{"line":51,"column":18},"end":{"line":51,"column":34}},"2":{"start":{"line":53,"column":2},"end":{"line":81,"column":4}},"3":{"start":{"line":59,"column":93},"end":{"line":59,"column":110}}},"fnMap":{"0":{"name":"DropDown","decl":{"start":{"line":14,"column":24},"end":{"line":14,"column":32}},"loc":{"start":{"line":14,"column":35},"end":{"line":82,"column":1}},"line":14},"1":{"name":"(anonymous_1)","decl":{"start":{"line":59,"column":87},"end":{"line":59,"column":88}},"loc":{"start":{"line":59,"column":93},"end":{"line":59,"column":110}},"line":59}},"branchMap":{},"s":{"0":14,"1":14,"2":14,"3":25},"f":{"0":14,"1":25},"b":{},"_coverageSchema":"1a1c01bbd47fc00a2c39e90264f33305004495a9","hash":"759f7237f82cb43cd5224002664ac39652da8a97"}
,"/home/anilkd/Desktop/minet-master 1/minet-master/src/Components/Molecules/myWallet/myWallet.stories.tsx": {"path":"/home/anilkd/Desktop/minet-master 1/minet-master/src/Components/Molecules/myWallet/myWallet.stories.tsx","statementMap":{"0":{"start":{"line":12,"column":49},"end":{"line":12,"column":67}},"1":{"start":{"line":12,"column":57},"end":{"line":12,"column":67}},"2":{"start":{"line":15,"column":24},"end":{"line":15,"column":41}},"3":{"start":{"line":16,"column":2},"end":{"line":23,"column":4}}},"fnMap":{"0":{"name":"(anonymous_0)","decl":{"start":{"line":12,"column":49},"end":{"line":12,"column":50}},"loc":{"start":{"line":12,"column":57},"end":{"line":12,"column":67}},"line":12}},"branchMap":{},"s":{"0":0,"1":0,"2":0,"3":0},"f":{"0":0},"b":{}}
,"/home/anilkd/Desktop/minet-master 1/minet-master/src/Components/Molecules/myWallet/myWallet.tsx": {"path":"/home/anilkd/Desktop/minet-master 1/minet-master/src/Components/Molecules/myWallet/myWallet.tsx","statementMap":{"0":{"start":{"line":8,"column":4},"end":{"line":21,"column":5}}},"fnMap":{"0":{"name":"MyWallet","decl":{"start":{"line":7,"column":24},"end":{"line":7,"column":32}},"loc":{"start":{"line":7,"column":44},"end":{"line":22,"column":1}},"line":7}},"branchMap":{},"s":{"0":6},"f":{"0":6},"b":{},"_coverageSchema":"1a1c01bbd47fc00a2c39e90264f33305004495a9","hash":"2b71b82e4bb38ed8cf7a9f86c59bd08a992957cd"}
,"/home/anilkd/Desktop/minet-master 1/minet-master/src/Components/Molecules/paymentMethod/PaymentMethod.stories.tsx": {"path":"/home/anilkd/Desktop/minet-master 1/minet-master/src/Components/Molecules/paymentMethod/PaymentMethod.stories.tsx","statementMap":{"0":{"start":{"line":11,"column":52},"end":{"line":11,"column":73}},"1":{"start":{"line":11,"column":60},"end":{"line":11,"column":73}},"2":{"start":{"line":14,"column":26},"end":{"line":14,"column":43}},"3":{"start":{"line":15,"column":2},"end":{"line":22,"column":4}}},"fnMap":{"0":{"name":"(anonymous_0)","decl":{"start":{"line":11,"column":52},"end":{"line":11,"column":53}},"loc":{"start":{"line":11,"column":60},"end":{"line":11,"column":73}},"line":11}},"branchMap":{},"s":{"0":0,"1":0,"2":0,"3":0},"f":{"0":0},"b":{}}
,"/home/anilkd/Desktop/minet-master 1/minet-master/src/Components/Molecules/paymentMethod/PaymentMethod.tsx": {"path":"/home/anilkd/Desktop/minet-master 1/minet-master/src/Components/Molecules/paymentMethod/PaymentMethod.tsx","statementMap":{"0":{"start":{"line":7,"column":4},"end":{"line":26,"column":5}}},"fnMap":{"0":{"name":"PaymentMethod","decl":{"start":{"line":6,"column":24},"end":{"line":6,"column":37}},"loc":{"start":{"line":6,"column":39},"end":{"line":27,"column":1}},"line":6}},"branchMap":{},"s":{"0":14},"f":{"0":14},"b":{},"_coverageSchema":"1a1c01bbd47fc00a2c39e90264f33305004495a9","hash":"07dcdefd18f52c343a492fac8c30fb4aacfa7eee"}
,"/home/anilkd/Desktop/minet-master 1/minet-master/src/Components/Molecules/reacentTransaction/recentTransaction.tsx": {"path":"/home/anilkd/Desktop/minet-master 1/minet-master/src/Components/Molecules/reacentTransaction/recentTransaction.tsx","statementMap":{"0":{"start":{"line":8,"column":2},"end":{"line":53,"column":4}}},"fnMap":{"0":{"name":"RecentTransaction","decl":{"start":{"line":7,"column":24},"end":{"line":7,"column":41}},"loc":{"start":{"line":7,"column":44},"end":{"line":54,"column":1}},"line":7}},"branchMap":{},"s":{"0":6},"f":{"0":6},"b":{},"_coverageSchema":"1a1c01bbd47fc00a2c39e90264f33305004495a9","hash":"588bc8a9c30dae55774cb9f165a415f5ad0b8690"}
,"/home/anilkd/Desktop/minet-master 1/minet-master/src/Components/Organisms/ActiveTransaction/ActiveTransaction.tsx": {"path":"/home/anilkd/Desktop/minet-master 1/minet-master/src/Components/Organisms/ActiveTransaction/ActiveTransaction.tsx","statementMap":{"0":{"start":{"line":13,"column":4},"end":{"line":37,"column":5}}},"fnMap":{"0":{"name":"ActiveTransaction","decl":{"start":{"line":10,"column":24},"end":{"line":10,"column":41}},"loc":{"start":{"line":10,"column":44},"end":{"line":38,"column":1}},"line":10}},"branchMap":{},"s":{"0":3},"f":{"0":3},"b":{},"_coverageSchema":"1a1c01bbd47fc00a2c39e90264f33305004495a9","hash":"c804587b1961c8b48482a36592ad0ad35f2b8743"}
,"/home/anilkd/Desktop/minet-master 1/minet-master/src/Components/Organisms/AmountDetails/Amount.stories.tsx": {"path":"/home/anilkd/Desktop/minet-master 1/minet-master/src/Components/Organisms/AmountDetails/Amount.stories.tsx","statementMap":{"0":{"start":{"line":11,"column":50},"end":{"line":11,"column":101}},"1":{"start":{"line":11,"column":58},"end":{"line":11,"column":101}},"2":{"start":{"line":14,"column":25},"end":{"line":14,"column":42}},"3":{"start":{"line":15,"column":2},"end":{"line":18,"column":4}}},"fnMap":{"0":{"name":"(anonymous_0)","decl":{"start":{"line":11,"column":50},"end":{"line":11,"column":51}},"loc":{"start":{"line":11,"column":58},"end":{"line":11,"column":101}},"line":11}},"branchMap":{},"s":{"0":0,"1":0,"2":0,"3":0},"f":{"0":0},"b":{}}
,"/home/anilkd/Desktop/minet-master 1/minet-master/src/Components/Organisms/AmountDetails/Amount.tsx": {"path":"/home/anilkd/Desktop/minet-master 1/minet-master/src/Components/Organisms/AmountDetails/Amount.tsx","statementMap":{"0":{"start":{"line":14,"column":50},"end":{"line":43,"column":1}},"1":{"start":{"line":16,"column":4},"end":{"line":42,"column":5}}},"fnMap":{"0":{"name":"(anonymous_0)","decl":{"start":{"line":14,"column":50},"end":{"line":14,"column":51}},"loc":{"start":{"line":15,"column":0},"end":{"line":43,"column":1}},"line":15}},"branchMap":{},"s":{"0":4,"1":26},"f":{"0":26},"b":{},"_coverageSchema":"1a1c01bbd47fc00a2c39e90264f33305004495a9","hash":"ae35e5c2bd601a44c720b1d3e7813d3eee70f44d"}
,"/home/anilkd/Desktop/minet-master 1/minet-master/src/Components/Organisms/Countables/Countables.tsx": {"path":"/home/anilkd/Desktop/minet-master 1/minet-master/src/Components/Organisms/Countables/Countables.tsx","statementMap":{"0":{"start":{"line":6,"column":4},"end":{"line":26,"column":5}}},"fnMap":{"0":{"name":"Countables","decl":{"start":{"line":5,"column":24},"end":{"line":5,"column":34}},"loc":{"start":{"line":5,"column":37},"end":{"line":27,"column":1}},"line":5}},"branchMap":{},"s":{"0":5},"f":{"0":5},"b":{},"_coverageSchema":"1a1c01bbd47fc00a2c39e90264f33305004495a9","hash":"efc4995bbbd65fdee3abd60bca8f105eaf549525"}
,"/home/anilkd/Desktop/minet-master 1/minet-master/src/Components/Organisms/Footer/Footer.stories.tsx": {"path":"/home/anilkd/Desktop/minet-master 1/minet-master/src/Components/Organisms/Footer/Footer.stories.tsx","statementMap":{"0":{"start":{"line":10,"column":48},"end":{"line":10,"column":82}},"1":{"start":{"line":10,"column":62},"end":{"line":10,"column":82}},"2":{"start":{"line":11,"column":31},"end":{"line":11,"column":48}},"3":{"start":{"line":12,"column":0},"end":{"line":15,"column":2}}},"fnMap":{"0":{"name":"(anonymous_0)","decl":{"start":{"line":10,"column":48},"end":{"line":10,"column":49}},"loc":{"start":{"line":10,"column":62},"end":{"line":10,"column":82}},"line":10}},"branchMap":{},"s":{"0":0,"1":0,"2":0,"3":0},"f":{"0":0},"b":{}}
,"/home/anilkd/Desktop/minet-master 1/minet-master/src/Components/Organisms/Footer/Footer.tsx": {"path":"/home/anilkd/Desktop/minet-master 1/minet-master/src/Components/Organisms/Footer/Footer.tsx","statementMap":{"0":{"start":{"line":11,"column":15},"end":{"line":53,"column":3}},"1":{"start":{"line":13,"column":20},"end":{"line":24,"column":4}},"2":{"start":{"line":26,"column":18},"end":{"line":26,"column":29}},"3":{"start":{"line":28,"column":2},"end":{"line":52,"column":4}}},"fnMap":{"0":{"name":"(anonymous_0)","decl":{"start":{"line":11,"column":15},"end":{"line":11,"column":16}},"loc":{"start":{"line":11,"column":21},"end":{"line":53,"column":3}},"line":11}},"branchMap":{},"s":{"0":7,"1":49,"2":49,"3":49},"f":{"0":49},"b":{},"_coverageSchema":"1a1c01bbd47fc00a2c39e90264f33305004495a9","hash":"bfc2ec7ed60b5c63e8d54401e52d1ab4281ea659"}
,"/home/anilkd/Desktop/minet-master 1/minet-master/src/Components/Organisms/Header/Header.stories.tsx": {"path":"/home/anilkd/Desktop/minet-master 1/minet-master/src/Components/Organisms/Header/Header.stories.tsx","statementMap":{"0":{"start":{"line":14,"column":48},"end":{"line":14,"column":116}},"1":{"start":{"line":14,"column":62},"end":{"line":14,"column":116}},"2":{"start":{"line":16,"column":23},"end":{"line":16,"column":40}},"3":{"start":{"line":17,"column":0},"end":{"line":23,"column":4}},"4":{"start":{"line":25,"column":24},"end":{"line":25,"column":41}},"5":{"start":{"line":26,"column":2},"end":{"line":32,"column":2}}},"fnMap":{"0":{"name":"(anonymous_0)","decl":{"start":{"line":14,"column":48},"end":{"line":14,"column":49}},"loc":{"start":{"line":14,"column":62},"end":{"line":14,"column":116}},"line":14}},"branchMap":{},"s":{"0":0,"1":0,"2":0,"3":0,"4":0,"5":0},"f":{"0":0},"b":{}}
,"/home/anilkd/Desktop/minet-master 1/minet-master/src/Components/Organisms/Header/Header.tsx": {"path":"/home/anilkd/Desktop/minet-master 1/minet-master/src/Components/Organisms/Header/Header.tsx","statementMap":{"0":{"start":{"line":14,"column":18},"end":{"line":14,"column":31}},"1":{"start":{"line":15,"column":19},"end":{"line":50,"column":5}},"2":{"start":{"line":52,"column":19},"end":{"line":52,"column":30}},"3":{"start":{"line":54,"column":0},"end":{"line":68,"column":2}},"4":{"start":{"line":61,"column":114},"end":{"line":61,"column":131}},"5":{"start":{"line":62,"column":111},"end":{"line":62,"column":140}}},"fnMap":{"0":{"name":"Header","decl":{"start":{"line":13,"column":24},"end":{"line":13,"column":30}},"loc":{"start":{"line":13,"column":33},"end":{"line":69,"column":1}},"line":13},"1":{"name":"(anonymous_1)","decl":{"start":{"line":61,"column":108},"end":{"line":61,"column":109}},"loc":{"start":{"line":61,"column":114},"end":{"line":61,"column":131}},"line":61},"2":{"name":"(anonymous_2)","decl":{"start":{"line":62,"column":105},"end":{"line":62,"column":106}},"loc":{"start":{"line":62,"column":111},"end":{"line":62,"column":140}},"line":62}},"branchMap":{},"s":{"0":52,"1":52,"2":52,"3":52,"4":5,"5":4},"f":{"0":52,"1":5,"2":4},"b":{},"_coverageSchema":"1a1c01bbd47fc00a2c39e90264f33305004495a9","hash":"bbe00d1ea4e0cad1bec6ebcde0536ec439f4d7da"}
,"/home/anilkd/Desktop/minet-master 1/minet-master/src/Components/Organisms/Nav-Bars/Nav-Bars.stories.tsx": {"path":"/home/anilkd/Desktop/minet-master 1/minet-master/src/Components/Organisms/Nav-Bars/Nav-Bars.stories.tsx","statementMap":{"0":{"start":{"line":11,"column":53},"end":{"line":11,"column":73}},"1":{"start":{"line":11,"column":61},"end":{"line":11,"column":73}},"2":{"start":{"line":14,"column":26},"end":{"line":14,"column":43}},"3":{"start":{"line":15,"column":2},"end":{"line":19,"column":4}}},"fnMap":{"0":{"name":"(anonymous_0)","decl":{"start":{"line":11,"column":53},"end":{"line":11,"column":54}},"loc":{"start":{"line":11,"column":61},"end":{"line":11,"column":73}},"line":11}},"branchMap":{},"s":{"0":0,"1":0,"2":0,"3":0},"f":{"0":0},"b":{}}
,"/home/anilkd/Desktop/minet-master 1/minet-master/src/Components/Organisms/Nav-Bars/NavBarLoad.tsx": {"path":"/home/anilkd/Desktop/minet-master 1/minet-master/src/Components/Organisms/Nav-Bars/NavBarLoad.tsx","statementMap":{"0":{"start":{"line":16,"column":44},"end":{"line":33,"column":1}},"1":{"start":{"line":19,"column":4},"end":{"line":32,"column":6}}},"fnMap":{"0":{"name":"(anonymous_0)","decl":{"start":{"line":16,"column":44},"end":{"line":16,"column":45}},"loc":{"start":{"line":16,"column":58},"end":{"line":33,"column":1}},"line":16}},"branchMap":{},"s":{"0":7,"1":54},"f":{"0":54},"b":{},"_coverageSchema":"1a1c01bbd47fc00a2c39e90264f33305004495a9","hash":"2f36e3febfbf677aa2c3c8c4676e7afa81499225"}
,"/home/anilkd/Desktop/minet-master 1/minet-master/src/Components/Organisms/Summary/OrderSummery.stories.tsx": {"path":"/home/anilkd/Desktop/minet-master 1/minet-master/src/Components/Organisms/Summary/OrderSummery.stories.tsx","statementMap":{"0":{"start":{"line":14,"column":53},"end":{"line":16,"column":1}},"1":{"start":{"line":15,"column":1},"end":{"line":15,"column":86}},"2":{"start":{"line":18,"column":25},"end":{"line":18,"column":42}},"3":{"start":{"line":19,"column":2},"end":{"line":24,"column":4}}},"fnMap":{"0":{"name":"(anonymous_0)","decl":{"start":{"line":14,"column":53},"end":{"line":14,"column":54}},"loc":{"start":{"line":15,"column":1},"end":{"line":15,"column":86}},"line":15}},"branchMap":{},"s":{"0":0,"1":0,"2":0,"3":0},"f":{"0":0},"b":{}}
,"/home/anilkd/Desktop/minet-master 1/minet-master/src/Components/Organisms/Summary/OrderSummery.tsx": {"path":"/home/anilkd/Desktop/minet-master 1/minet-master/src/Components/Organisms/Summary/OrderSummery.tsx","statementMap":{"0":{"start":{"line":24,"column":44},"end":{"line":93,"column":5}},"1":{"start":{"line":27,"column":4},"end":{"line":91,"column":10}}},"fnMap":{"0":{"name":"(anonymous_0)","decl":{"start":{"line":24,"column":44},"end":{"line":24,"column":45}},"loc":{"start":{"line":24,"column":58},"end":{"line":93,"column":5}},"line":24}},"branchMap":{},"s":{"0":4,"1":27},"f":{"0":27},"b":{},"_coverageSchema":"1a1c01bbd47fc00a2c39e90264f33305004495a9","hash":"f52cfd17fab8a42eafa5a6dfa17ef47dec930bc4"}
,"/home/anilkd/Desktop/minet-master 1/minet-master/src/Components/Organisms/gridCard/gridCard.tsx": {"path":"/home/anilkd/Desktop/minet-master 1/minet-master/src/Components/Organisms/gridCard/gridCard.tsx","statementMap":{"0":{"start":{"line":15,"column":18},"end":{"line":33,"column":2}},"1":{"start":{"line":34,"column":17},"end":{"line":78,"column":5}},"2":{"start":{"line":38,"column":4},"end":{"line":38,"column":32}},"3":{"start":{"line":39,"column":3},"end":{"line":39,"column":44}},"4":{"start":{"line":42,"column":24},"end":{"line":42,"column":46}},"5":{"start":{"line":44,"column":1},"end":{"line":51,"column":9}},"6":{"start":{"line":45,"column":21},"end":{"line":49,"column":4}},"7":{"start":{"line":46,"column":17},"end":{"line":46,"column":60}},"8":{"start":{"line":47,"column":15},"end":{"line":47,"column":36}},"9":{"start":{"line":48,"column":2},"end":{"line":48,"column":18}},"10":{"start":{"line":50,"column":3},"end":{"line":50,"column":15}},"11":{"start":{"line":55,"column":20},"end":{"line":67,"column":7}},"12":{"start":{"line":56,"column":8},"end":{"line":66,"column":11}},"13":{"start":{"line":57,"column":10},"end":{"line":65,"column":12}},"14":{"start":{"line":68,"column":22},"end":{"line":68,"column":33}},"15":{"start":{"line":70,"column":4},"end":{"line":77,"column":6}}},"fnMap":{"0":{"name":"(anonymous_0)","decl":{"start":{"line":34,"column":17},"end":{"line":34,"column":18}},"loc":{"start":{"line":34,"column":33},"end":{"line":78,"column":5}},"line":34},"1":{"name":"CardChangeHandler","decl":{"start":{"line":36,"column":11},"end":{"line":36,"column":28}},"loc":{"start":{"line":37,"column":2},"end":{"line":40,"column":3}},"line":37},"2":{"name":"(anonymous_2)","decl":{"start":{"line":44,"column":11},"end":{"line":44,"column":12}},"loc":{"start":{"line":44,"column":17},"end":{"line":51,"column":3}},"line":44},"3":{"name":"(anonymous_3)","decl":{"start":{"line":45,"column":21},"end":{"line":45,"column":22}},"loc":{"start":{"line":45,"column":33},"end":{"line":49,"column":4}},"line":45},"4":{"name":"(anonymous_4)","decl":{"start":{"line":55,"column":20},"end":{"line":55,"column":21}},"loc":{"start":{"line":55,"column":26},"end":{"line":67,"column":7}},"line":55},"5":{"name":"(anonymous_5)","decl":{"start":{"line":56,"column":24},"end":{"line":56,"column":25}},"loc":{"start":{"line":56,"column":46},"end":{"line":66,"column":9}},"line":56}},"branchMap":{},"s":{"0":4,"1":4,"2":0,"3":0,"4":25,"5":25,"6":20,"7":20,"8":0,"9":0,"10":20,"11":25,"12":25,"13":0,"14":25,"15":25},"f":{"0":25,"1":0,"2":20,"3":20,"4":25,"5":0},"b":{},"_coverageSchema":"1a1c01bbd47fc00a2c39e90264f33305004495a9","hash":"eba1681d1b304e52285bddf1935b2257cfc16307"}
,"/home/anilkd/Desktop/minet-master 1/minet-master/src/Components/Pages/Purchase/Purchase.tsx": {"path":"/home/anilkd/Desktop/minet-master 1/minet-master/src/Components/Pages/Purchase/Purchase.tsx","statementMap":{"0":{"start":{"line":13,"column":21},"end":{"line":13,"column":34}},"1":{"start":{"line":14,"column":46},"end":{"line":14,"column":60}},"2":{"start":{"line":15,"column":21},"end":{"line":15,"column":26}},"3":{"start":{"line":19,"column":8},"end":{"line":19,"column":35}},"4":{"start":{"line":20,"column":8},"end":{"line":20,"column":31}},"5":{"start":{"line":21,"column":8},"end":{"line":21,"column":46}},"6":{"start":{"line":22,"column":8},"end":{"line":22,"column":49}},"7":{"start":{"line":23,"column":8},"end":{"line":23,"column":40}},"8":{"start":{"line":24,"column":8},"end":{"line":24,"column":31}},"9":{"start":{"line":25,"column":18},"end":{"line":25,"column":48}},"10":{"start":{"line":26,"column":8},"end":{"line":26,"column":25}},"11":{"start":{"line":27,"column":8},"end":{"line":27,"column":41}},"12":{"start":{"line":31,"column":4},"end":{"line":45,"column":5}},"13":{"start":{"line":40,"column":107},"end":{"line":40,"column":130}}},"fnMap":{"0":{"name":"Purchase","decl":{"start":{"line":12,"column":24},"end":{"line":12,"column":32}},"loc":{"start":{"line":12,"column":35},"end":{"line":47,"column":1}},"line":12},"1":{"name":"AmountChangeEventHandler","decl":{"start":{"line":17,"column":13},"end":{"line":17,"column":37}},"loc":{"start":{"line":18,"column":4},"end":{"line":29,"column":5}},"line":18},"2":{"name":"(anonymous_2)","decl":{"start":{"line":40,"column":101},"end":{"line":40,"column":102}},"loc":{"start":{"line":40,"column":107},"end":{"line":40,"column":130}},"line":40}},"branchMap":{},"s":{"0":13,"1":13,"2":13,"3":0,"4":0,"5":0,"6":0,"7":0,"8":0,"9":0,"10":0,"11":0,"12":13,"13":0},"f":{"0":13,"1":0,"2":0},"b":{},"_coverageSchema":"1a1c01bbd47fc00a2c39e90264f33305004495a9","hash":"6a308d327856dae468a300ab4c8f0f3064785919"}
,"/home/anilkd/Desktop/minet-master 1/minet-master/src/Components/Pages/Sell/Sell.tsx": {"path":"/home/anilkd/Desktop/minet-master 1/minet-master/src/Components/Pages/Sell/Sell.tsx","statementMap":{"0":{"start":{"line":13,"column":21},"end":{"line":13,"column":34}},"1":{"start":{"line":14,"column":46},"end":{"line":14,"column":60}},"2":{"start":{"line":15,"column":21},"end":{"line":15,"column":30}},"3":{"start":{"line":19,"column":8},"end":{"line":19,"column":35}},"4":{"start":{"line":20,"column":8},"end":{"line":20,"column":31}},"5":{"start":{"line":21,"column":8},"end":{"line":21,"column":46}},"6":{"start":{"line":22,"column":8},"end":{"line":22,"column":49}},"7":{"start":{"line":23,"column":8},"end":{"line":23,"column":40}},"8":{"start":{"line":24,"column":8},"end":{"line":24,"column":31}},"9":{"start":{"line":25,"column":21},"end":{"line":25,"column":51}},"10":{"start":{"line":26,"column":8},"end":{"line":26,"column":28}},"11":{"start":{"line":27,"column":8},"end":{"line":27,"column":44}},"12":{"start":{"line":31,"column":4},"end":{"line":45,"column":5}},"13":{"start":{"line":41,"column":112},"end":{"line":41,"column":136}}},"fnMap":{"0":{"name":"Sell","decl":{"start":{"line":12,"column":24},"end":{"line":12,"column":28}},"loc":{"start":{"line":12,"column":31},"end":{"line":47,"column":1}},"line":12},"1":{"name":"AmountChangeEventHandler","decl":{"start":{"line":17,"column":13},"end":{"line":17,"column":37}},"loc":{"start":{"line":18,"column":4},"end":{"line":29,"column":5}},"line":18},"2":{"name":"(anonymous_2)","decl":{"start":{"line":41,"column":105},"end":{"line":41,"column":106}},"loc":{"start":{"line":41,"column":112},"end":{"line":41,"column":136}},"line":41}},"branchMap":{},"s":{"0":11,"1":11,"2":11,"3":0,"4":0,"5":0,"6":0,"7":0,"8":0,"9":0,"10":0,"11":0,"12":11,"13":0},"f":{"0":11,"1":0,"2":0},"b":{},"_coverageSchema":"1a1c01bbd47fc00a2c39e90264f33305004495a9","hash":"c03f2dfffb2e3c5f32db4b346ee7bc0df9d854fc"}
,"/home/anilkd/Desktop/minet-master 1/minet-master/src/Components/Pages/paymentSuccessScreen/Buy.tsx": {"path":"/home/anilkd/Desktop/minet-master 1/minet-master/src/Components/Pages/paymentSuccessScreen/Buy.tsx","statementMap":{"0":{"start":{"line":5,"column":0},"end":{"line":9,"column":1}}},"fnMap":{"0":{"name":"Buy","decl":{"start":{"line":4,"column":24},"end":{"line":4,"column":27}},"loc":{"start":{"line":4,"column":30},"end":{"line":10,"column":1}},"line":4}},"branchMap":{},"s":{"0":6},"f":{"0":6},"b":{},"_coverageSchema":"1a1c01bbd47fc00a2c39e90264f33305004495a9","hash":"d1bbc6d69a60c5221f2dd8e40f847d75738d37de"}
,"/home/anilkd/Desktop/minet-master 1/minet-master/src/Components/Pages/sellSuccessScreen/Wallet.tsx": {"path":"/home/anilkd/Desktop/minet-master 1/minet-master/src/Components/Pages/sellSuccessScreen/Wallet.tsx","statementMap":{"0":{"start":{"line":7,"column":0},"end":{"line":12,"column":1}}},"fnMap":{"0":{"name":"Wallet","decl":{"start":{"line":6,"column":24},"end":{"line":6,"column":30}},"loc":{"start":{"line":6,"column":33},"end":{"line":14,"column":1}},"line":6}},"branchMap":{},"s":{"0":6},"f":{"0":6},"b":{},"_coverageSchema":"1a1c01bbd47fc00a2c39e90264f33305004495a9","hash":"c0af9d7a41d647acb77f8acd8ca750f73221df64"}
,"/home/anilkd/Desktop/minet-master 1/minet-master/src/Components/Templates/Base/Template.tsx": {"path":"/home/anilkd/Desktop/minet-master 1/minet-master/src/Components/Templates/Base/Template.tsx","statementMap":{"0":{"start":{"line":12,"column":21},"end":{"line":12,"column":34}},"1":{"start":{"line":13,"column":4},"end":{"line":23,"column":6}},"2":{"start":{"line":16,"column":33},"end":{"line":16,"column":62}}},"fnMap":{"0":{"name":"Template","decl":{"start":{"line":10,"column":24},"end":{"line":10,"column":32}},"loc":{"start":{"line":10,"column":45},"end":{"line":24,"column":1}},"line":10},"1":{"name":"(anonymous_1)","decl":{"start":{"line":16,"column":27},"end":{"line":16,"column":28}},"loc":{"start":{"line":16,"column":33},"end":{"line":16,"column":62}},"line":16}},"branchMap":{},"s":{"0":46,"1":46,"2":0},"f":{"0":46,"1":0},"b":{},"_coverageSchema":"1a1c01bbd47fc00a2c39e90264f33305004495a9","hash":"023a1aa62863bbf6056c5e7a6914ecfbdd898c3f"}
,"/home/anilkd/Desktop/minet-master 1/minet-master/src/Components/Templates/BuyScreen/BuySuccessScreen.tsx": {"path":"/home/anilkd/Desktop/minet-master 1/minet-master/src/Components/Templates/BuyScreen/BuySuccessScreen.tsx","statementMap":{"0":{"start":{"line":8,"column":18},"end":{"line":26,"column":1}},"1":{"start":{"line":30,"column":20},"end":{"line":30,"column":31}},"2":{"start":{"line":31,"column":4},"end":{"line":48,"column":5}}},"fnMap":{"0":{"name":"BuySuccessScreen","decl":{"start":{"line":28,"column":24},"end":{"line":28,"column":40}},"loc":{"start":{"line":28,"column":43},"end":{"line":49,"column":1}},"line":28}},"branchMap":{},"s":{"0":2,"1":6,"2":6},"f":{"0":6},"b":{},"_coverageSchema":"1a1c01bbd47fc00a2c39e90264f33305004495a9","hash":"0fe5a8f39b60cfedc02bc1df8f407766910fdedb"}
,"/home/anilkd/Desktop/minet-master 1/minet-master/src/Components/Templates/SellScreen/SellSuccessScreen.tsx": {"path":"/home/anilkd/Desktop/minet-master 1/minet-master/src/Components/Templates/SellScreen/SellSuccessScreen.tsx","statementMap":{"0":{"start":{"line":7,"column":18},"end":{"line":31,"column":1}},"1":{"start":{"line":34,"column":20},"end":{"line":34,"column":31}},"2":{"start":{"line":35,"column":4},"end":{"line":52,"column":5}}},"fnMap":{"0":{"name":"SellSuccessScreen","decl":{"start":{"line":33,"column":24},"end":{"line":33,"column":41}},"loc":{"start":{"line":33,"column":44},"end":{"line":53,"column":1}},"line":33}},"branchMap":{},"s":{"0":2,"1":6,"2":6},"f":{"0":6},"b":{},"_coverageSchema":"1a1c01bbd47fc00a2c39e90264f33305004495a9","hash":"cd298434fadbf39f39d0f2840e51d8c29ef6b75d"}
,"/home/anilkd/Desktop/minet-master 1/minet-master/src/Themes/CustomThemeProvider.tsx": {"path":"/home/anilkd/Desktop/minet-master 1/minet-master/src/Themes/CustomThemeProvider.tsx","statementMap":{"0":{"start":{"line":11,"column":4},"end":{"line":17,"column":5}}},"fnMap":{"0":{"name":"CustomThemeProvider","decl":{"start":{"line":10,"column":24},"end":{"line":10,"column":43}},"loc":{"start":{"line":10,"column":76},"end":{"line":18,"column":1}},"line":10}},"branchMap":{},"s":{"0":1},"f":{"0":1},"b":{},"_coverageSchema":"1a1c01bbd47fc00a2c39e90264f33305004495a9","hash":"c25a5a7b781934e93e8d7f4d3af51f0fcd28b1ce"}
,"/home/anilkd/Desktop/minet-master 1/minet-master/src/Themes/Theme.tsx": {"path":"/home/anilkd/Desktop/minet-master 1/minet-master/src/Themes/Theme.tsx","statementMap":{"0":{"start":{"line":88,"column":14},"end":{"line":134,"column":2}}},"fnMap":{},"branchMap":{},"s":{"0":12},"f":{},"b":{},"_coverageSchema":"1a1c01bbd47fc00a2c39e90264f33305004495a9","hash":"ea5280167553285ce80f28bb89158a11340875ec"}
}
