{"/home/anilkd/Desktop/minet-master 1/minet-master/minet/src/App.tsx": {"path":"/home/anilkd/Desktop/minet-master 1/minet-master/minet/src/App.tsx","statementMap":{"0":{"start":{"line":11,"column":2},"end":{"line":27,"column":4}}},"fnMap":{"0":{"name":"App","decl":{"start":{"line":10,"column":9},"end":{"line":10,"column":12}},"loc":{"start":{"line":10,"column":15},"end":{"line":28,"column":1}},"line":10}},"branchMap":{},"s":{"0":1},"f":{"0":1},"b":{},"_coverageSchema":"1a1c01bbd47fc00a2c39e90264f33305004495a9","hash":"150868583688a7c2d3a2c442a0a70ab7352acef5"}
,"/home/anilkd/Desktop/minet-master 1/minet-master/minet/src/index.tsx": {"path":"/home/anilkd/Desktop/minet-master 1/minet-master/minet/src/index.tsx","statementMap":{"0":{"start":{"line":7,"column":0},"end":{"line":12,"column":2}},"1":{"start":{"line":17,"column":0},"end":{"line":17,"column":18}}},"fnMap":{},"branchMap":{},"s":{"0":0,"1":0},"f":{},"b":{}}
,"/home/anilkd/Desktop/minet-master 1/minet-master/minet/src/reportWebVitals.ts": {"path":"/home/anilkd/Desktop/minet-master 1/minet-master/minet/src/reportWebVitals.ts","statementMap":{"0":{"start":{"line":3,"column":24},"end":{"line":13,"column":1}},"1":{"start":{"line":4,"column":2},"end":{"line":12,"column":3}},"2":{"start":{"line":5,"column":4},"end":{"line":11,"column":7}},"3":{"start":{"line":6,"column":6},"end":{"line":6,"column":26}},"4":{"start":{"line":7,"column":6},"end":{"line":7,"column":26}},"5":{"start":{"line":8,"column":6},"end":{"line":8,"column":26}},"6":{"start":{"line":9,"column":6},"end":{"line":9,"column":26}},"7":{"start":{"line":10,"column":6},"end":{"line":10,"column":27}}},"fnMap":{"0":{"name":"(anonymous_0)","decl":{"start":{"line":3,"column":24},"end":{"line":3,"column":25}},"loc":{"start":{"line":3,"column":57},"end":{"line":13,"column":1}},"line":3},"1":{"name":"(anonymous_1)","decl":{"start":{"line":5,"column":30},"end":{"line":5,"column":31}},"loc":{"start":{"line":5,"column":79},"end":{"line":11,"column":5}},"line":5}},"branchMap":{"0":{"loc":{"start":{"line":4,"column":2},"end":{"line":12,"column":3}},"type":"if","locations":[{"start":{"line":4,"column":2},"end":{"line":12,"column":3}},{"start":{},"end":{}}],"line":4},"1":{"loc":{"start":{"line":4,"column":6},"end":{"line":4,"column":52}},"type":"binary-expr","locations":[{"start":{"line":4,"column":6},"end":{"line":4,"column":17}},{"start":{"line":4,"column":21},"end":{"line":4,"column":52}}],"line":4}},"s":{"0":0,"1":0,"2":0,"3":0,"4":0,"5":0,"6":0,"7":0},"f":{"0":0,"1":0},"b":{"0":[0,0],"1":[0,0]}}
,"/home/anilkd/Desktop/minet-master 1/minet-master/minet/src/Components/Atoms/Avatar/Avatar.stories.tsx": {"path":"/home/anilkd/Desktop/minet-master 1/minet-master/minet/src/Components/Atoms/Avatar/Avatar.stories.tsx","statementMap":{"0":{"start":{"line":8,"column":50},"end":{"line":8,"column":82}},"1":{"start":{"line":8,"column":61},"end":{"line":8,"column":82}},"2":{"start":{"line":9,"column":24},"end":{"line":9,"column":41}},"3":{"start":{"line":10,"column":0},"end":{"line":13,"column":2}}},"fnMap":{"0":{"name":"(anonymous_0)","decl":{"start":{"line":8,"column":50},"end":{"line":8,"column":51}},"loc":{"start":{"line":8,"column":61},"end":{"line":8,"column":82}},"line":8}},"branchMap":{},"s":{"0":0,"1":0,"2":0,"3":0},"f":{"0":0},"b":{}}
,"/home/anilkd/Desktop/minet-master 1/minet-master/minet/src/Components/Atoms/Avatar/Avatar.tsx": {"path":"/home/anilkd/Desktop/minet-master 1/minet-master/minet/src/Components/Atoms/Avatar/Avatar.tsx","statementMap":{"0":{"start":{"line":3,"column":16},"end":{"line":7,"column":1}},"1":{"start":{"line":4,"column":4},"end":{"line":6,"column":6}}},"fnMap":{"0":{"name":"(anonymous_0)","decl":{"start":{"line":3,"column":16},"end":{"line":3,"column":17}},"loc":{"start":{"line":3,"column":32},"end":{"line":7,"column":1}},"line":3}},"branchMap":{},"s":{"0":9,"1":54},"f":{"0":54},"b":{},"_coverageSchema":"1a1c01bbd47fc00a2c39e90264f33305004495a9","hash":"aa2450fc43492c06f6b82f77d69ce028e312ad14"}
,"/home/anilkd/Desktop/minet-master 1/minet-master/minet/src/Components/Atoms/Button/Buttons.stories.tsx": {"path":"/home/anilkd/Desktop/minet-master 1/minet-master/minet/src/Components/Atoms/Button/Buttons.stories.tsx","statementMap":{"0":{"start":{"line":11,"column":62},"end":{"line":13,"column":1}},"1":{"start":{"line":12,"column":2},"end":{"line":12,"column":62}},"2":{"start":{"line":18,"column":29},"end":{"line":18,"column":52}},"3":{"start":{"line":19,"column":0},"end":{"line":25,"column":2}},"4":{"start":{"line":27,"column":25},"end":{"line":27,"column":48}},"5":{"start":{"line":28,"column":0},"end":{"line":34,"column":2}}},"fnMap":{"0":{"name":"(anonymous_0)","decl":{"start":{"line":11,"column":62},"end":{"line":11,"column":63}},"loc":{"start":{"line":12,"column":2},"end":{"line":12,"column":62}},"line":12}},"branchMap":{},"s":{"0":0,"1":0,"2":0,"3":0,"4":0,"5":0},"f":{"0":0},"b":{}}
,"/home/anilkd/Desktop/minet-master 1/minet-master/minet/src/Components/Atoms/Button/Buttons.tsx": {"path":"/home/anilkd/Desktop/minet-master 1/minet-master/minet/src/Components/Atoms/Button/Buttons.tsx","statementMap":{"0":{"start":{"line":18,"column":51},"end":{"line":26,"column":3}},"1":{"start":{"line":19,"column":4},"end":{"line":25,"column":5}}},"fnMap":{"0":{"name":"(anonymous_0)","decl":{"start":{"line":18,"column":51},"end":{"line":18,"column":52}},"loc":{"start":{"line":18,"column":65},"end":{"line":26,"column":3}},"line":18}},"branchMap":{},"s":{"0":12,"1":294},"f":{"0":294},"b":{},"_coverageSchema":"1a1c01bbd47fc00a2c39e90264f33305004495a9","hash":"3566b35c094b4fb086384abed13148299aa56924"}
,"/home/anilkd/Desktop/minet-master 1/minet-master/minet/src/Components/Atoms/Icons/Icon.stories.tsx": {"path":"/home/anilkd/Desktop/minet-master 1/minet-master/minet/src/Components/Atoms/Icons/Icon.stories.tsx","statementMap":{"0":{"start":{"line":14,"column":14},"end":{"line":17,"column":31}},"1":{"start":{"line":18,"column":53},"end":{"line":18,"column":102}},"2":{"start":{"line":18,"column":63},"end":{"line":18,"column":102}},"3":{"start":{"line":19,"column":57},"end":{"line":19,"column":116}},"4":{"start":{"line":19,"column":67},"end":{"line":19,"column":116}},"5":{"start":{"line":20,"column":51},"end":{"line":20,"column":109}},"6":{"start":{"line":20,"column":61},"end":{"line":20,"column":109}},"7":{"start":{"line":21,"column":53},"end":{"line":21,"column":101}},"8":{"start":{"line":21,"column":63},"end":{"line":21,"column":101}},"9":{"start":{"line":22,"column":49},"end":{"line":22,"column":96}},"10":{"start":{"line":22,"column":59},"end":{"line":22,"column":96}},"11":{"start":{"line":23,"column":50},"end":{"line":23,"column":99}},"12":{"start":{"line":23,"column":60},"end":{"line":23,"column":99}},"13":{"start":{"line":24,"column":49},"end":{"line":24,"column":96}},"14":{"start":{"line":24,"column":59},"end":{"line":24,"column":96}},"15":{"start":{"line":25,"column":49},"end":{"line":25,"column":106}},"16":{"start":{"line":25,"column":59},"end":{"line":25,"column":106}}},"fnMap":{"0":{"name":"(anonymous_0)","decl":{"start":{"line":18,"column":53},"end":{"line":18,"column":54}},"loc":{"start":{"line":18,"column":63},"end":{"line":18,"column":102}},"line":18},"1":{"name":"(anonymous_1)","decl":{"start":{"line":19,"column":57},"end":{"line":19,"column":58}},"loc":{"start":{"line":19,"column":67},"end":{"line":19,"column":116}},"line":19},"2":{"name":"(anonymous_2)","decl":{"start":{"line":20,"column":51},"end":{"line":20,"column":52}},"loc":{"start":{"line":20,"column":61},"end":{"line":20,"column":109}},"line":20},"3":{"name":"(anonymous_3)","decl":{"start":{"line":21,"column":53},"end":{"line":21,"column":54}},"loc":{"start":{"line":21,"column":63},"end":{"line":21,"column":101}},"line":21},"4":{"name":"(anonymous_4)","decl":{"start":{"line":22,"column":49},"end":{"line":22,"column":50}},"loc":{"start":{"line":22,"column":59},"end":{"line":22,"column":96}},"line":22},"5":{"name":"(anonymous_5)","decl":{"start":{"line":23,"column":50},"end":{"line":23,"column":51}},"loc":{"start":{"line":23,"column":60},"end":{"line":23,"column":99}},"line":23},"6":{"name":"(anonymous_6)","decl":{"start":{"line":24,"column":49},"end":{"line":24,"column":50}},"loc":{"start":{"line":24,"column":59},"end":{"line":24,"column":96}},"line":24},"7":{"name":"(anonymous_7)","decl":{"start":{"line":25,"column":49},"end":{"line":25,"column":50}},"loc":{"start":{"line":25,"column":59},"end":{"line":25,"column":106}},"line":25}},"branchMap":{},"s":{"0":0,"1":0,"2":0,"3":0,"4":0,"5":0,"6":0,"7":0,"8":0,"9":0,"10":0,"11":0,"12":0,"13":0,"14":0,"15":0,"16":0},"f":{"0":0,"1":0,"2":0,"3":0,"4":0,"5":0,"6":0,"7":0},"b":{}}
,"/home/anilkd/Desktop/minet-master 1/minet-master/minet/src/Components/Atoms/Icons/Icon.tsx": {"path":"/home/anilkd/Desktop/minet-master 1/minet-master/minet/src/Components/Atoms/Icons/Icon.tsx","statementMap":{"0":{"start":{"line":4,"column":13},"end":{"line":9,"column":9}},"1":{"start":{"line":5,"column":4},"end":{"line":9,"column":6}}},"fnMap":{"0":{"name":"(anonymous_0)","decl":{"start":{"line":4,"column":13},"end":{"line":4,"column":14}},"loc":{"start":{"line":4,"column":38},"end":{"line":9,"column":9}},"line":4}},"branchMap":{},"s":{"0":5,"1":86},"f":{"0":86},"b":{},"_coverageSchema":"1a1c01bbd47fc00a2c39e90264f33305004495a9","hash":"b6b6dccddf634917d716373b4b1664edff7063d2"}
,"/home/anilkd/Desktop/minet-master 1/minet-master/minet/src/Components/Atoms/Image/Images.stories.tsx": {"path":"/home/anilkd/Desktop/minet-master 1/minet-master/minet/src/Components/Atoms/Image/Images.stories.tsx","statementMap":{"0":{"start":{"line":7,"column":55},"end":{"line":7,"column":88}},"1":{"start":{"line":7,"column":69},"end":{"line":7,"column":88}},"2":{"start":{"line":8,"column":0},"end":{"line":12,"column":5}}},"fnMap":{"0":{"name":"(anonymous_0)","decl":{"start":{"line":7,"column":55},"end":{"line":7,"column":56}},"loc":{"start":{"line":7,"column":69},"end":{"line":7,"column":88}},"line":7}},"branchMap":{},"s":{"0":0,"1":0,"2":0},"f":{"0":0},"b":{}}
,"/home/anilkd/Desktop/minet-master 1/minet-master/minet/src/Components/Atoms/Image/Images.tsx": {"path":"/home/anilkd/Desktop/minet-master 1/minet-master/minet/src/Components/Atoms/Image/Images.tsx","statementMap":{"0":{"start":{"line":4,"column":2},"end":{"line":6,"column":4}}},"fnMap":{"0":{"name":"Image","decl":{"start":{"line":3,"column":9},"end":{"line":3,"column":14}},"loc":{"start":{"line":3,"column":26},"end":{"line":7,"column":1}},"line":3}},"branchMap":{},"s":{"0":43},"f":{"0":43},"b":{},"_coverageSchema":"1a1c01bbd47fc00a2c39e90264f33305004495a9","hash":"09f0756f424dd5dc2dfd0789fe0931497aa4f9aa"}
,"/home/anilkd/Desktop/minet-master 1/minet-master/minet/src/Components/Atoms/Logo/Logo.stories.tsx": {"path":"/home/anilkd/Desktop/minet-master 1/minet-master/minet/src/Components/Atoms/Logo/Logo.stories.tsx","statementMap":{"0":{"start":{"line":7,"column":18},"end":{"line":7,"column":32}},"1":{"start":{"line":7,"column":24},"end":{"line":7,"column":32}}},"fnMap":{"0":{"name":"(anonymous_0)","decl":{"start":{"line":7,"column":18},"end":{"line":7,"column":19}},"loc":{"start":{"line":7,"column":24},"end":{"line":7,"column":32}},"line":7}},"branchMap":{},"s":{"0":0,"1":0},"f":{"0":0},"b":{}}
,"/home/anilkd/Desktop/minet-master 1/minet-master/minet/src/Components/Atoms/Logo/Logo.tsx": {"path":"/home/anilkd/Desktop/minet-master 1/minet-master/minet/src/Components/Atoms/Logo/Logo.tsx","statementMap":{"0":{"start":{"line":4,"column":4},"end":{"line":6,"column":6}}},"fnMap":{"0":{"name":"logo","decl":{"start":{"line":3,"column":24},"end":{"line":3,"column":28}},"loc":{"start":{"line":3,"column":30},"end":{"line":7,"column":1}},"line":3}},"branchMap":{},"s":{"0":1},"f":{"0":1},"b":{},"_coverageSchema":"1a1c01bbd47fc00a2c39e90264f33305004495a9","hash":"6240043e48c468ee0b1620d9fb6d7c87d95bdf94"}
,"/home/anilkd/Desktop/minet-master 1/minet-master/minet/src/Components/Atoms/Typography/Typography.stories.tsx": {"path":"/home/anilkd/Desktop/minet-master 1/minet-master/minet/src/Components/Atoms/Typography/Typography.stories.tsx","statementMap":{"0":{"start":{"line":12,"column":51},"end":{"line":12,"column":83}},"1":{"start":{"line":12,"column":61},"end":{"line":12,"column":83}},"2":{"start":{"line":14,"column":20},"end":{"line":14,"column":37}},"3":{"start":{"line":16,"column":0},"end":{"line":20,"column":2}}},"fnMap":{"0":{"name":"(anonymous_0)","decl":{"start":{"line":12,"column":51},"end":{"line":12,"column":52}},"loc":{"start":{"line":12,"column":61},"end":{"line":12,"column":83}},"line":12}},"branchMap":{},"s":{"0":0,"1":0,"2":0,"3":0},"f":{"0":0},"b":{}}
,"/home/anilkd/Desktop/minet-master 1/minet-master/minet/src/Components/Atoms/Typography/Typography.tsx": {"path":"/home/anilkd/Desktop/minet-master 1/minet-master/minet/src/Components/Atoms/Typography/Typography.tsx","statementMap":{"0":{"start":{"line":10,"column":4},"end":{"line":12,"column":5}}},"fnMap":{"0":{"name":"Typography","decl":{"start":{"line":9,"column":24},"end":{"line":9,"column":34}},"loc":{"start":{"line":9,"column":65},"end":{"line":12,"column":6}},"line":9}},"branchMap":{},"s":{"0":995},"f":{"0":995},"b":{},"_coverageSchema":"1a1c01bbd47fc00a2c39e90264f33305004495a9","hash":"cc51979edb0b5a7291c8c9b3f2f74caeb9a568ee"}
,"/home/anilkd/Desktop/minet-master 1/minet-master/minet/src/Components/Molecules/ActiveCoin/ActiveCoin.tsx": {"path":"/home/anilkd/Desktop/minet-master 1/minet-master/minet/src/Components/Molecules/ActiveCoin/ActiveCoin.tsx","statementMap":{"0":{"start":{"line":13,"column":19},"end":{"line":52,"column":1}},"1":{"start":{"line":17,"column":44},"end":{"line":17,"column":68}},"2":{"start":{"line":19,"column":20},"end":{"line":27,"column":9}},"3":{"start":{"line":30,"column":8},"end":{"line":30,"column":48}},"4":{"start":{"line":31,"column":8},"end":{"line":31,"column":34}},"5":{"start":{"line":32,"column":8},"end":{"line":32,"column":57}},"6":{"start":{"line":35,"column":4},"end":{"line":51,"column":5}}},"fnMap":{"0":{"name":"(anonymous_0)","decl":{"start":{"line":13,"column":19},"end":{"line":13,"column":20}},"loc":{"start":{"line":13,"column":33},"end":{"line":52,"column":1}},"line":13},"1":{"name":"onButtonClickHandler","decl":{"start":{"line":29,"column":13},"end":{"line":29,"column":33}},"loc":{"start":{"line":29,"column":45},"end":{"line":33,"column":5}},"line":29}},"branchMap":{},"s":{"0":1,"1":9,"2":9,"3":0,"4":0,"5":0,"6":9},"f":{"0":9,"1":0},"b":{},"_coverageSchema":"1a1c01bbd47fc00a2c39e90264f33305004495a9","hash":"e29cb77606ae83d751360bfe100811d6da624c33"}
,"/home/anilkd/Desktop/minet-master 1/minet-master/minet/src/Components/Molecules/Cards/Cards.stories.tsx": {"path":"/home/anilkd/Desktop/minet-master 1/minet-master/minet/src/Components/Molecules/Cards/Cards.stories.tsx","statementMap":{"0":{"start":{"line":8,"column":47},"end":{"line":8,"column":93}},"1":{"start":{"line":8,"column":55},"end":{"line":8,"column":93}},"2":{"start":{"line":9,"column":23},"end":{"line":9,"column":40}},"3":{"start":{"line":10,"column":2},"end":{"line":15,"column":4}}},"fnMap":{"0":{"name":"(anonymous_0)","decl":{"start":{"line":8,"column":47},"end":{"line":8,"column":48}},"loc":{"start":{"line":8,"column":55},"end":{"line":8,"column":93}},"line":8}},"branchMap":{},"s":{"0":0,"1":0,"2":0,"3":0},"f":{"0":0},"b":{}}
,"/home/anilkd/Desktop/minet-master 1/minet-master/minet/src/Components/Molecules/Cards/Cards.tsx": {"path":"/home/anilkd/Desktop/minet-master 1/minet-master/minet/src/Components/Molecules/Cards/Cards.tsx","statementMap":{"0":{"start":{"line":7,"column":14},"end":{"line":27,"column":5}},"1":{"start":{"line":8,"column":29},"end":{"line":8,"column":51}},"2":{"start":{"line":10,"column":4},"end":{"line":10,"column":52}},"3":{"start":{"line":12,"column":0},"end":{"line":27,"column":3}}},"fnMap":{"0":{"name":"(anonymous_0)","decl":{"start":{"line":7,"column":14},"end":{"line":7,"column":15}},"loc":{"start":{"line":7,"column":28},"end":{"line":27,"column":5}},"line":7},"1":{"name":"onCardClickHandler","decl":{"start":{"line":9,"column":10},"end":{"line":9,"column":28}},"loc":{"start":{"line":9,"column":31},"end":{"line":11,"column":1}},"line":9}},"branchMap":{},"s":{"0":5,"1":1,"2":0,"3":1},"f":{"0":1,"1":0},"b":{},"_coverageSchema":"1a1c01bbd47fc00a2c39e90264f33305004495a9","hash":"6b37ea395e5475e1f19850a0279572783b8bd26c"}
,"/home/anilkd/Desktop/minet-master 1/minet-master/minet/src/Components/Molecules/CryptoList/CryptoList.stories.tsx": {"path":"/home/anilkd/Desktop/minet-master 1/minet-master/minet/src/Components/Molecules/CryptoList/CryptoList.stories.tsx","statementMap":{"0":{"start":{"line":12,"column":53},"end":{"line":12,"column":76}},"1":{"start":{"line":12,"column":61},"end":{"line":12,"column":76}},"2":{"start":{"line":14,"column":24},"end":{"line":14,"column":41}},"3":{"start":{"line":15,"column":2},"end":{"line":18,"column":4}}},"fnMap":{"0":{"name":"(anonymous_0)","decl":{"start":{"line":12,"column":53},"end":{"line":12,"column":54}},"loc":{"start":{"line":12,"column":61},"end":{"line":12,"column":76}},"line":12}},"branchMap":{},"s":{"0":0,"1":0,"2":0,"3":0},"f":{"0":0},"b":{}}
,"/home/anilkd/Desktop/minet-master 1/minet-master/minet/src/Components/Molecules/CryptoList/CryptoList.tsx": {"path":"/home/anilkd/Desktop/minet-master 1/minet-master/minet/src/Components/Molecules/CryptoList/CryptoList.tsx","statementMap":{"0":{"start":{"line":11,"column":2},"end":{"line":55,"column":3}}},"fnMap":{"0":{"name":"CryptoList","decl":{"start":{"line":10,"column":24},"end":{"line":10,"column":34}},"loc":{"start":{"line":10,"column":47},"end":{"line":56,"column":1}},"line":10}},"branchMap":{},"s":{"0":10},"f":{"0":10},"b":{},"_coverageSchema":"1a1c01bbd47fc00a2c39e90264f33305004495a9","hash":"d69a44d8a17e9160e85cbaee24db6baae8f2d56c"}
,"/home/anilkd/Desktop/minet-master 1/minet-master/minet/src/Components/Molecules/CurrencyCard/CurrencyCard.stories.tsx": {"path":"/home/anilkd/Desktop/minet-master 1/minet-master/minet/src/Components/Molecules/CurrencyCard/CurrencyCard.stories.tsx","statementMap":{"0":{"start":{"line":8,"column":55},"end":{"line":8,"column":117}},"1":{"start":{"line":8,"column":63},"end":{"line":8,"column":117}},"2":{"start":{"line":9,"column":23},"end":{"line":9,"column":40}},"3":{"start":{"line":10,"column":2},"end":{"line":17,"column":4}}},"fnMap":{"0":{"name":"(anonymous_0)","decl":{"start":{"line":8,"column":55},"end":{"line":8,"column":56}},"loc":{"start":{"line":8,"column":63},"end":{"line":8,"column":117}},"line":8}},"branchMap":{},"s":{"0":0,"1":0,"2":0,"3":0},"f":{"0":0},"b":{}}
,"/home/anilkd/Desktop/minet-master 1/minet-master/minet/src/Components/Molecules/CurrencyCard/CurrencyCard.tsx": {"path":"/home/anilkd/Desktop/minet-master 1/minet-master/minet/src/Components/Molecules/CurrencyCard/CurrencyCard.tsx","statementMap":{"0":{"start":{"line":6,"column":21},"end":{"line":24,"column":1}},"1":{"start":{"line":7,"column":4},"end":{"line":23,"column":5}}},"fnMap":{"0":{"name":"(anonymous_0)","decl":{"start":{"line":6,"column":21},"end":{"line":6,"column":22}},"loc":{"start":{"line":6,"column":37},"end":{"line":24,"column":1}},"line":6}},"branchMap":{},"s":{"0":2,"1":21},"f":{"0":21},"b":{},"_coverageSchema":"1a1c01bbd47fc00a2c39e90264f33305004495a9","hash":"58fba5837bfbd3ea624067d6c7d5a088f30cce3b"}
,"/home/anilkd/Desktop/minet-master 1/minet-master/minet/src/Components/Molecules/Deposit/deposit.stories.tsx": {"path":"/home/anilkd/Desktop/minet-master 1/minet-master/minet/src/Components/Molecules/Deposit/deposit.stories.tsx","statementMap":{"0":{"start":{"line":13,"column":50},"end":{"line":13,"column":69}},"1":{"start":{"line":13,"column":58},"end":{"line":13,"column":69}},"2":{"start":{"line":16,"column":26},"end":{"line":16,"column":43}},"3":{"start":{"line":17,"column":2},"end":{"line":24,"column":4}}},"fnMap":{"0":{"name":"(anonymous_0)","decl":{"start":{"line":13,"column":50},"end":{"line":13,"column":51}},"loc":{"start":{"line":13,"column":58},"end":{"line":13,"column":69}},"line":13}},"branchMap":{},"s":{"0":0,"1":0,"2":0,"3":0},"f":{"0":0},"b":{}}
,"/home/anilkd/Desktop/minet-master 1/minet-master/minet/src/Components/Molecules/Deposit/deposit.tsx": {"path":"/home/anilkd/Desktop/minet-master 1/minet-master/minet/src/Components/Molecules/Deposit/deposit.tsx","statementMap":{"0":{"start":{"line":7,"column":4},"end":{"line":28,"column":5}}},"fnMap":{"0":{"name":"Deposit","decl":{"start":{"line":6,"column":24},"end":{"line":6,"column":31}},"loc":{"start":{"line":6,"column":34},"end":{"line":29,"column":1}},"line":6}},"branchMap":{},"s":{"0":15},"f":{"0":15},"b":{},"_coverageSchema":"1a1c01bbd47fc00a2c39e90264f33305004495a9","hash":"d77d2614d8e1b86163a27e32a2b2ccc8f4327fbb"}
,"/home/anilkd/Desktop/minet-master 1/minet-master/minet/src/Components/Molecules/Editor/Editor.stories.tsx": {"path":"/home/anilkd/Desktop/minet-master 1/minet-master/minet/src/Components/Molecules/Editor/Editor.stories.tsx","statementMap":{"0":{"start":{"line":13,"column":49},"end":{"line":13,"column":69}},"1":{"start":{"line":13,"column":57},"end":{"line":13,"column":69}},"2":{"start":{"line":16,"column":22},"end":{"line":16,"column":39}},"3":{"start":{"line":17,"column":2},"end":{"line":21,"column":4}}},"fnMap":{"0":{"name":"(anonymous_0)","decl":{"start":{"line":13,"column":49},"end":{"line":13,"column":50}},"loc":{"start":{"line":13,"column":57},"end":{"line":13,"column":69}},"line":13}},"branchMap":{},"s":{"0":0,"1":0,"2":0,"3":0},"f":{"0":0},"b":{}}
,"/home/anilkd/Desktop/minet-master 1/minet-master/minet/src/Components/Molecules/Editor/Editor.tsx": {"path":"/home/anilkd/Desktop/minet-master 1/minet-master/minet/src/Components/Molecules/Editor/Editor.tsx","statementMap":{"0":{"start":{"line":8,"column":4},"end":{"line":15,"column":6}}},"fnMap":{"0":{"name":"Editor","decl":{"start":{"line":7,"column":24},"end":{"line":7,"column":30}},"loc":{"start":{"line":7,"column":33},"end":{"line":16,"column":1}},"line":7}},"branchMap":{},"s":{"0":1},"f":{"0":1},"b":{},"_coverageSchema":"1a1c01bbd47fc00a2c39e90264f33305004495a9","hash":"d818f6a94ceab08a977a8add549a8107ffa7185a"}
,"/home/anilkd/Desktop/minet-master 1/minet-master/minet/src/Components/Molecules/Profile/Profile.stories.tsx": {"path":"/home/anilkd/Desktop/minet-master 1/minet-master/minet/src/Components/Molecules/Profile/Profile.stories.tsx","statementMap":{"0":{"start":{"line":13,"column":50},"end":{"line":13,"column":71}},"1":{"start":{"line":13,"column":58},"end":{"line":13,"column":71}},"2":{"start":{"line":16,"column":25},"end":{"line":16,"column":42}},"3":{"start":{"line":17,"column":2},"end":{"line":21,"column":4}}},"fnMap":{"0":{"name":"(anonymous_0)","decl":{"start":{"line":13,"column":50},"end":{"line":13,"column":51}},"loc":{"start":{"line":13,"column":58},"end":{"line":13,"column":71}},"line":13}},"branchMap":{},"s":{"0":0,"1":0,"2":0,"3":0},"f":{"0":0},"b":{}}
,"/home/anilkd/Desktop/minet-master 1/minet-master/minet/src/Components/Molecules/Profile/Profile.tsx": {"path":"/home/anilkd/Desktop/minet-master 1/minet-master/minet/src/Components/Molecules/Profile/Profile.tsx","statementMap":{"0":{"start":{"line":7,"column":4},"end":{"line":14,"column":6}}},"fnMap":{"0":{"name":"Profile","decl":{"start":{"line":6,"column":24},"end":{"line":6,"column":31}},"loc":{"start":{"line":6,"column":34},"end":{"line":15,"column":1}},"line":6}},"branchMap":{},"s":{"0":53},"f":{"0":53},"b":{},"_coverageSchema":"1a1c01bbd47fc00a2c39e90264f33305004495a9","hash":"d967a85cf9fd71e48af4ca05c07bd698aa61c7c5"}
,"/home/anilkd/Desktop/minet-master 1/minet-master/minet/src/Components/Molecules/TotalBalance/Balance.stories.tsx": {"path":"/home/anilkd/Desktop/minet-master 1/minet-master/minet/src/Components/Molecules/TotalBalance/Balance.stories.tsx","statementMap":{"0":{"start":{"line":13,"column":50},"end":{"line":13,"column":69}},"1":{"start":{"line":13,"column":58},"end":{"line":13,"column":69}},"2":{"start":{"line":16,"column":21},"end":{"line":16,"column":38}},"3":{"start":{"line":17,"column":2},"end":{"line":25,"column":4}}},"fnMap":{"0":{"name":"(anonymous_0)","decl":{"start":{"line":13,"column":50},"end":{"line":13,"column":51}},"loc":{"start":{"line":13,"column":58},"end":{"line":13,"column":69}},"line":13}},"branchMap":{},"s":{"0":0,"1":0,"2":0,"3":0},"f":{"0":0},"b":{}}
,"/home/anilkd/Desktop/minet-master 1/minet-master/minet/src/Components/Molecules/TotalBalance/Balance.tsx": {"path":"/home/anilkd/Desktop/minet-master 1/minet-master/minet/src/Components/Molecules/TotalBalance/Balance.tsx","statementMap":{"0":{"start":{"line":8,"column":4},"end":{"line":25,"column":6}}},"fnMap":{"0":{"name":"Balance","decl":{"start":{"line":7,"column":24},"end":{"line":7,"column":31}},"loc":{"start":{"line":7,"column":34},"end":{"line":26,"column":1}},"line":7}},"branchMap":{},"s":{"0":12},"f":{"0":12},"b":{},"_coverageSchema":"1a1c01bbd47fc00a2c39e90264f33305004495a9","hash":"ebafab6c5c1084ca2c1f36c9c27076cc81319296"}
,"/home/anilkd/Desktop/minet-master 1/minet-master/minet/src/Components/Molecules/dropDown/DropDown.stories.tsx": {"path":"/home/anilkd/Desktop/minet-master 1/minet-master/minet/src/Components/Molecules/dropDown/DropDown.stories.tsx","statementMap":{"0":{"start":{"line":13,"column":51},"end":{"line":13,"column":71}},"1":{"start":{"line":13,"column":59},"end":{"line":13,"column":71}},"2":{"start":{"line":16,"column":26},"end":{"line":16,"column":43}},"3":{"start":{"line":17,"column":2},"end":{"line":21,"column":4}}},"fnMap":{"0":{"name":"(anonymous_0)","decl":{"start":{"line":13,"column":51},"end":{"line":13,"column":52}},"loc":{"start":{"line":13,"column":59},"end":{"line":13,"column":71}},"line":13}},"branchMap":{},"s":{"0":0,"1":0,"2":0,"3":0},"f":{"0":0},"b":{}}
,"/home/anilkd/Desktop/minet-master 1/minet-master/minet/src/Components/Molecules/dropDown/DropDown.tsx": {"path":"/home/anilkd/Desktop/minet-master 1/minet-master/minet/src/Components/Molecules/dropDown/DropDown.tsx","statementMap":{"0":{"start":{"line":16,"column":25},"end":{"line":49,"column":4}},"1":{"start":{"line":51,"column":18},"end":{"line":51,"column":34}},"2":{"start":{"line":53,"column":2},"end":{"line":81,"column":4}},"3":{"start":{"line":59,"column":93},"end":{"line":59,"column":110}}},"fnMap":{"0":{"name":"DropDown","decl":{"start":{"line":14,"column":24},"end":{"line":14,"column":32}},"loc":{"start":{"line":14,"column":35},"end":{"line":82,"column":1}},"line":14},"1":{"name":"(anonymous_1)","decl":{"start":{"line":59,"column":87},"end":{"line":59,"column":88}},"loc":{"start":{"line":59,"column":93},"end":{"line":59,"column":110}},"line":59}},"branchMap":{},"s":{"0":14,"1":14,"2":14,"3":25},"f":{"0":14,"1":25},"b":{},"_coverageSchema":"1a1c01bbd47fc00a2c39e90264f33305004495a9","hash":"5963fd458f88285d3f0eec3d1d59934b6521522e"}
,"/home/anilkd/Desktop/minet-master 1/minet-master/minet/src/Components/Molecules/myWallet/myWallet.stories.tsx": {"path":"/home/anilkd/Desktop/minet-master 1/minet-master/minet/src/Components/Molecules/myWallet/myWallet.stories.tsx","statementMap":{"0":{"start":{"line":12,"column":49},"end":{"line":12,"column":67}},"1":{"start":{"line":12,"column":57},"end":{"line":12,"column":67}},"2":{"start":{"line":15,"column":24},"end":{"line":15,"column":41}},"3":{"start":{"line":16,"column":2},"end":{"line":23,"column":4}}},"fnMap":{"0":{"name":"(anonymous_0)","decl":{"start":{"line":12,"column":49},"end":{"line":12,"column":50}},"loc":{"start":{"line":12,"column":57},"end":{"line":12,"column":67}},"line":12}},"branchMap":{},"s":{"0":0,"1":0,"2":0,"3":0},"f":{"0":0},"b":{}}
,"/home/anilkd/Desktop/minet-master 1/minet-master/minet/src/Components/Molecules/myWallet/myWallet.tsx": {"path":"/home/anilkd/Desktop/minet-master 1/minet-master/minet/src/Components/Molecules/myWallet/myWallet.tsx","statementMap":{"0":{"start":{"line":8,"column":4},"end":{"line":21,"column":5}}},"fnMap":{"0":{"name":"MyWallet","decl":{"start":{"line":7,"column":24},"end":{"line":7,"column":32}},"loc":{"start":{"line":7,"column":44},"end":{"line":22,"column":1}},"line":7}},"branchMap":{},"s":{"0":6},"f":{"0":6},"b":{},"_coverageSchema":"1a1c01bbd47fc00a2c39e90264f33305004495a9","hash":"b9afb37fffc575eca2531666b61b43f67075916e"}
,"/home/anilkd/Desktop/minet-master 1/minet-master/minet/src/Components/Molecules/paymentMethod/PaymentMethod.stories.tsx": {"path":"/home/anilkd/Desktop/minet-master 1/minet-master/minet/src/Components/Molecules/paymentMethod/PaymentMethod.stories.tsx","statementMap":{"0":{"start":{"line":11,"column":52},"end":{"line":11,"column":73}},"1":{"start":{"line":11,"column":60},"end":{"line":11,"column":73}},"2":{"start":{"line":14,"column":26},"end":{"line":14,"column":43}},"3":{"start":{"line":15,"column":2},"end":{"line":22,"column":4}}},"fnMap":{"0":{"name":"(anonymous_0)","decl":{"start":{"line":11,"column":52},"end":{"line":11,"column":53}},"loc":{"start":{"line":11,"column":60},"end":{"line":11,"column":73}},"line":11}},"branchMap":{},"s":{"0":0,"1":0,"2":0,"3":0},"f":{"0":0},"b":{}}
,"/home/anilkd/Desktop/minet-master 1/minet-master/minet/src/Components/Molecules/paymentMethod/PaymentMethod.tsx": {"path":"/home/anilkd/Desktop/minet-master 1/minet-master/minet/src/Components/Molecules/paymentMethod/PaymentMethod.tsx","statementMap":{"0":{"start":{"line":7,"column":4},"end":{"line":26,"column":5}}},"fnMap":{"0":{"name":"PaymentMethod","decl":{"start":{"line":6,"column":24},"end":{"line":6,"column":37}},"loc":{"start":{"line":6,"column":39},"end":{"line":27,"column":1}},"line":6}},"branchMap":{},"s":{"0":14},"f":{"0":14},"b":{},"_coverageSchema":"1a1c01bbd47fc00a2c39e90264f33305004495a9","hash":"929109e6150020888d7a82b0a83fbb57025477ed"}
,"/home/anilkd/Desktop/minet-master 1/minet-master/minet/src/Components/Molecules/reacentTransaction/recentTransaction.tsx": {"path":"/home/anilkd/Desktop/minet-master 1/minet-master/minet/src/Components/Molecules/reacentTransaction/recentTransaction.tsx","statementMap":{"0":{"start":{"line":8,"column":2},"end":{"line":53,"column":4}}},"fnMap":{"0":{"name":"RecentTransaction","decl":{"start":{"line":7,"column":24},"end":{"line":7,"column":41}},"loc":{"start":{"line":7,"column":44},"end":{"line":54,"column":1}},"line":7}},"branchMap":{},"s":{"0":6},"f":{"0":6},"b":{},"_coverageSchema":"1a1c01bbd47fc00a2c39e90264f33305004495a9","hash":"9e79404243a11cd1c9db895073b21c79c6b09102"}
,"/home/anilkd/Desktop/minet-master 1/minet-master/minet/src/Components/Organisms/ActiveTransaction/ActiveTransaction.tsx": {"path":"/home/anilkd/Desktop/minet-master 1/minet-master/minet/src/Components/Organisms/ActiveTransaction/ActiveTransaction.tsx","statementMap":{"0":{"start":{"line":13,"column":4},"end":{"line":37,"column":5}}},"fnMap":{"0":{"name":"ActiveTransaction","decl":{"start":{"line":10,"column":24},"end":{"line":10,"column":41}},"loc":{"start":{"line":10,"column":44},"end":{"line":38,"column":1}},"line":10}},"branchMap":{},"s":{"0":3},"f":{"0":3},"b":{},"_coverageSchema":"1a1c01bbd47fc00a2c39e90264f33305004495a9","hash":"e1145370ca91fbc3df8a89c80aec1cdd1e98c5f1"}
,"/home/anilkd/Desktop/minet-master 1/minet-master/minet/src/Components/Organisms/AmountDetails/Amount.stories.tsx": {"path":"/home/anilkd/Desktop/minet-master 1/minet-master/minet/src/Components/Organisms/AmountDetails/Amount.stories.tsx","statementMap":{"0":{"start":{"line":11,"column":50},"end":{"line":11,"column":101}},"1":{"start":{"line":11,"column":58},"end":{"line":11,"column":101}},"2":{"start":{"line":14,"column":25},"end":{"line":14,"column":42}},"3":{"start":{"line":15,"column":2},"end":{"line":18,"column":4}}},"fnMap":{"0":{"name":"(anonymous_0)","decl":{"start":{"line":11,"column":50},"end":{"line":11,"column":51}},"loc":{"start":{"line":11,"column":58},"end":{"line":11,"column":101}},"line":11}},"branchMap":{},"s":{"0":0,"1":0,"2":0,"3":0},"f":{"0":0},"b":{}}
,"/home/anilkd/Desktop/minet-master 1/minet-master/minet/src/Components/Organisms/AmountDetails/Amount.tsx": {"path":"/home/anilkd/Desktop/minet-master 1/minet-master/minet/src/Components/Organisms/AmountDetails/Amount.tsx","statementMap":{"0":{"start":{"line":14,"column":50},"end":{"line":43,"column":1}},"1":{"start":{"line":16,"column":4},"end":{"line":42,"column":5}}},"fnMap":{"0":{"name":"(anonymous_0)","decl":{"start":{"line":14,"column":50},"end":{"line":14,"column":51}},"loc":{"start":{"line":15,"column":0},"end":{"line":43,"column":1}},"line":15}},"branchMap":{},"s":{"0":4,"1":26},"f":{"0":26},"b":{},"_coverageSchema":"1a1c01bbd47fc00a2c39e90264f33305004495a9","hash":"fbc3630043628a340006da759c8a5b4cdae02621"}
,"/home/anilkd/Desktop/minet-master 1/minet-master/minet/src/Components/Organisms/Countables/Countables.tsx": {"path":"/home/anilkd/Desktop/minet-master 1/minet-master/minet/src/Components/Organisms/Countables/Countables.tsx","statementMap":{"0":{"start":{"line":6,"column":4},"end":{"line":26,"column":5}}},"fnMap":{"0":{"name":"Countables","decl":{"start":{"line":5,"column":24},"end":{"line":5,"column":34}},"loc":{"start":{"line":5,"column":37},"end":{"line":27,"column":1}},"line":5}},"branchMap":{},"s":{"0":5},"f":{"0":5},"b":{},"_coverageSchema":"1a1c01bbd47fc00a2c39e90264f33305004495a9","hash":"06747dda04f3228e3f3740c1a8502e8954df2bd0"}
,"/home/anilkd/Desktop/minet-master 1/minet-master/minet/src/Components/Organisms/Footer/Footer.stories.tsx": {"path":"/home/anilkd/Desktop/minet-master 1/minet-master/minet/src/Components/Organisms/Footer/Footer.stories.tsx","statementMap":{"0":{"start":{"line":10,"column":48},"end":{"line":10,"column":82}},"1":{"start":{"line":10,"column":62},"end":{"line":10,"column":82}},"2":{"start":{"line":11,"column":31},"end":{"line":11,"column":48}},"3":{"start":{"line":12,"column":0},"end":{"line":15,"column":2}}},"fnMap":{"0":{"name":"(anonymous_0)","decl":{"start":{"line":10,"column":48},"end":{"line":10,"column":49}},"loc":{"start":{"line":10,"column":62},"end":{"line":10,"column":82}},"line":10}},"branchMap":{},"s":{"0":0,"1":0,"2":0,"3":0},"f":{"0":0},"b":{}}
,"/home/anilkd/Desktop/minet-master 1/minet-master/minet/src/Components/Organisms/Footer/Footer.tsx": {"path":"/home/anilkd/Desktop/minet-master 1/minet-master/minet/src/Components/Organisms/Footer/Footer.tsx","statementMap":{"0":{"start":{"line":11,"column":15},"end":{"line":53,"column":3}},"1":{"start":{"line":13,"column":20},"end":{"line":24,"column":4}},"2":{"start":{"line":26,"column":18},"end":{"line":26,"column":29}},"3":{"start":{"line":28,"column":2},"end":{"line":52,"column":4}}},"fnMap":{"0":{"name":"(anonymous_0)","decl":{"start":{"line":11,"column":15},"end":{"line":11,"column":16}},"loc":{"start":{"line":11,"column":21},"end":{"line":53,"column":3}},"line":11}},"branchMap":{},"s":{"0":7,"1":49,"2":49,"3":49},"f":{"0":49},"b":{},"_coverageSchema":"1a1c01bbd47fc00a2c39e90264f33305004495a9","hash":"4a01bd0a0a61439ddafe5cce1129d9f6bc4b1432"}
,"/home/anilkd/Desktop/minet-master 1/minet-master/minet/src/Components/Organisms/Header/Header.stories.tsx": {"path":"/home/anilkd/Desktop/minet-master 1/minet-master/minet/src/Components/Organisms/Header/Header.stories.tsx","statementMap":{"0":{"start":{"line":14,"column":48},"end":{"line":14,"column":116}},"1":{"start":{"line":14,"column":62},"end":{"line":14,"column":116}},"2":{"start":{"line":16,"column":23},"end":{"line":16,"column":40}},"3":{"start":{"line":17,"column":0},"end":{"line":23,"column":4}},"4":{"start":{"line":25,"column":24},"end":{"line":25,"column":41}},"5":{"start":{"line":26,"column":2},"end":{"line":32,"column":2}}},"fnMap":{"0":{"name":"(anonymous_0)","decl":{"start":{"line":14,"column":48},"end":{"line":14,"column":49}},"loc":{"start":{"line":14,"column":62},"end":{"line":14,"column":116}},"line":14}},"branchMap":{},"s":{"0":0,"1":0,"2":0,"3":0,"4":0,"5":0},"f":{"0":0},"b":{}}
,"/home/anilkd/Desktop/minet-master 1/minet-master/minet/src/Components/Organisms/Header/Header.tsx": {"path":"/home/anilkd/Desktop/minet-master 1/minet-master/minet/src/Components/Organisms/Header/Header.tsx","statementMap":{"0":{"start":{"line":14,"column":18},"end":{"line":14,"column":31}},"1":{"start":{"line":15,"column":19},"end":{"line":50,"column":5}},"2":{"start":{"line":52,"column":19},"end":{"line":52,"column":30}},"3":{"start":{"line":54,"column":0},"end":{"line":68,"column":2}},"4":{"start":{"line":61,"column":114},"end":{"line":61,"column":131}},"5":{"start":{"line":62,"column":111},"end":{"line":62,"column":140}}},"fnMap":{"0":{"name":"Header","decl":{"start":{"line":13,"column":24},"end":{"line":13,"column":30}},"loc":{"start":{"line":13,"column":33},"end":{"line":69,"column":1}},"line":13},"1":{"name":"(anonymous_1)","decl":{"start":{"line":61,"column":108},"end":{"line":61,"column":109}},"loc":{"start":{"line":61,"column":114},"end":{"line":61,"column":131}},"line":61},"2":{"name":"(anonymous_2)","decl":{"start":{"line":62,"column":105},"end":{"line":62,"column":106}},"loc":{"start":{"line":62,"column":111},"end":{"line":62,"column":140}},"line":62}},"branchMap":{},"s":{"0":52,"1":52,"2":52,"3":52,"4":5,"5":4},"f":{"0":52,"1":5,"2":4},"b":{},"_coverageSchema":"1a1c01bbd47fc00a2c39e90264f33305004495a9","hash":"2426eb6a0ec6a7d3af1f3f1bfed559286d1199cd"}
,"/home/anilkd/Desktop/minet-master 1/minet-master/minet/src/Components/Organisms/Nav-Bars/Nav-Bars.stories.tsx": {"path":"/home/anilkd/Desktop/minet-master 1/minet-master/minet/src/Components/Organisms/Nav-Bars/Nav-Bars.stories.tsx","statementMap":{"0":{"start":{"line":11,"column":53},"end":{"line":11,"column":73}},"1":{"start":{"line":11,"column":61},"end":{"line":11,"column":73}},"2":{"start":{"line":14,"column":26},"end":{"line":14,"column":43}},"3":{"start":{"line":15,"column":2},"end":{"line":19,"column":4}}},"fnMap":{"0":{"name":"(anonymous_0)","decl":{"start":{"line":11,"column":53},"end":{"line":11,"column":54}},"loc":{"start":{"line":11,"column":61},"end":{"line":11,"column":73}},"line":11}},"branchMap":{},"s":{"0":0,"1":0,"2":0,"3":0},"f":{"0":0},"b":{}}
,"/home/anilkd/Desktop/minet-master 1/minet-master/minet/src/Components/Organisms/Nav-Bars/NavBarLoad.tsx": {"path":"/home/anilkd/Desktop/minet-master 1/minet-master/minet/src/Components/Organisms/Nav-Bars/NavBarLoad.tsx","statementMap":{"0":{"start":{"line":16,"column":44},"end":{"line":33,"column":1}},"1":{"start":{"line":19,"column":4},"end":{"line":32,"column":6}}},"fnMap":{"0":{"name":"(anonymous_0)","decl":{"start":{"line":16,"column":44},"end":{"line":16,"column":45}},"loc":{"start":{"line":16,"column":58},"end":{"line":33,"column":1}},"line":16}},"branchMap":{},"s":{"0":7,"1":54},"f":{"0":54},"b":{},"_coverageSchema":"1a1c01bbd47fc00a2c39e90264f33305004495a9","hash":"b0209857c5320a7f9f599b005113d67d2f787358"}
,"/home/anilkd/Desktop/minet-master 1/minet-master/minet/src/Components/Organisms/Summary/OrderSummery.stories.tsx": {"path":"/home/anilkd/Desktop/minet-master 1/minet-master/minet/src/Components/Organisms/Summary/OrderSummery.stories.tsx","statementMap":{"0":{"start":{"line":14,"column":53},"end":{"line":16,"column":1}},"1":{"start":{"line":15,"column":1},"end":{"line":15,"column":86}},"2":{"start":{"line":18,"column":25},"end":{"line":18,"column":42}},"3":{"start":{"line":19,"column":2},"end":{"line":24,"column":4}}},"fnMap":{"0":{"name":"(anonymous_0)","decl":{"start":{"line":14,"column":53},"end":{"line":14,"column":54}},"loc":{"start":{"line":15,"column":1},"end":{"line":15,"column":86}},"line":15}},"branchMap":{},"s":{"0":0,"1":0,"2":0,"3":0},"f":{"0":0},"b":{}}
,"/home/anilkd/Desktop/minet-master 1/minet-master/minet/src/Components/Organisms/Summary/OrderSummery.tsx": {"path":"/home/anilkd/Desktop/minet-master 1/minet-master/minet/src/Components/Organisms/Summary/OrderSummery.tsx","statementMap":{"0":{"start":{"line":24,"column":44},"end":{"line":93,"column":5}},"1":{"start":{"line":27,"column":4},"end":{"line":91,"column":10}}},"fnMap":{"0":{"name":"(anonymous_0)","decl":{"start":{"line":24,"column":44},"end":{"line":24,"column":45}},"loc":{"start":{"line":24,"column":58},"end":{"line":93,"column":5}},"line":24}},"branchMap":{},"s":{"0":4,"1":27},"f":{"0":27},"b":{},"_coverageSchema":"1a1c01bbd47fc00a2c39e90264f33305004495a9","hash":"1c290d7cd23030cbb63bcb7ddc810a26f34d3e64"}
,"/home/anilkd/Desktop/minet-master 1/minet-master/minet/src/Components/Organisms/gridCard/gridCard.tsx": {"path":"/home/anilkd/Desktop/minet-master 1/minet-master/minet/src/Components/Organisms/gridCard/gridCard.tsx","statementMap":{"0":{"start":{"line":15,"column":18},"end":{"line":33,"column":2}},"1":{"start":{"line":34,"column":17},"end":{"line":78,"column":5}},"2":{"start":{"line":38,"column":4},"end":{"line":38,"column":32}},"3":{"start":{"line":39,"column":3},"end":{"line":39,"column":44}},"4":{"start":{"line":42,"column":24},"end":{"line":42,"column":46}},"5":{"start":{"line":44,"column":1},"end":{"line":51,"column":9}},"6":{"start":{"line":45,"column":21},"end":{"line":49,"column":4}},"7":{"start":{"line":46,"column":17},"end":{"line":46,"column":60}},"8":{"start":{"line":47,"column":15},"end":{"line":47,"column":36}},"9":{"start":{"line":48,"column":2},"end":{"line":48,"column":18}},"10":{"start":{"line":50,"column":3},"end":{"line":50,"column":15}},"11":{"start":{"line":55,"column":20},"end":{"line":67,"column":7}},"12":{"start":{"line":56,"column":8},"end":{"line":66,"column":11}},"13":{"start":{"line":57,"column":10},"end":{"line":65,"column":12}},"14":{"start":{"line":68,"column":22},"end":{"line":68,"column":33}},"15":{"start":{"line":70,"column":4},"end":{"line":77,"column":6}}},"fnMap":{"0":{"name":"(anonymous_0)","decl":{"start":{"line":34,"column":17},"end":{"line":34,"column":18}},"loc":{"start":{"line":34,"column":33},"end":{"line":78,"column":5}},"line":34},"1":{"name":"CardChangeHandler","decl":{"start":{"line":36,"column":11},"end":{"line":36,"column":28}},"loc":{"start":{"line":37,"column":2},"end":{"line":40,"column":3}},"line":37},"2":{"name":"(anonymous_2)","decl":{"start":{"line":44,"column":11},"end":{"line":44,"column":12}},"loc":{"start":{"line":44,"column":17},"end":{"line":51,"column":3}},"line":44},"3":{"name":"(anonymous_3)","decl":{"start":{"line":45,"column":21},"end":{"line":45,"column":22}},"loc":{"start":{"line":45,"column":33},"end":{"line":49,"column":4}},"line":45},"4":{"name":"(anonymous_4)","decl":{"start":{"line":55,"column":20},"end":{"line":55,"column":21}},"loc":{"start":{"line":55,"column":26},"end":{"line":67,"column":7}},"line":55},"5":{"name":"(anonymous_5)","decl":{"start":{"line":56,"column":24},"end":{"line":56,"column":25}},"loc":{"start":{"line":56,"column":46},"end":{"line":66,"column":9}},"line":56}},"branchMap":{},"s":{"0":4,"1":4,"2":0,"3":0,"4":25,"5":25,"6":20,"7":20,"8":0,"9":0,"10":20,"11":25,"12":25,"13":0,"14":25,"15":25},"f":{"0":25,"1":0,"2":20,"3":20,"4":25,"5":0},"b":{},"_coverageSchema":"1a1c01bbd47fc00a2c39e90264f33305004495a9","hash":"095d9433bb1aa477036bcf3fcc29ccea18919df2"}
,"/home/anilkd/Desktop/minet-master 1/minet-master/minet/src/Components/Pages/Purchase/Purchase.tsx": {"path":"/home/anilkd/Desktop/minet-master 1/minet-master/minet/src/Components/Pages/Purchase/Purchase.tsx","statementMap":{"0":{"start":{"line":13,"column":21},"end":{"line":13,"column":34}},"1":{"start":{"line":14,"column":46},"end":{"line":14,"column":60}},"2":{"start":{"line":15,"column":21},"end":{"line":15,"column":26}},"3":{"start":{"line":19,"column":8},"end":{"line":19,"column":35}},"4":{"start":{"line":20,"column":8},"end":{"line":20,"column":31}},"5":{"start":{"line":21,"column":8},"end":{"line":21,"column":46}},"6":{"start":{"line":22,"column":8},"end":{"line":22,"column":49}},"7":{"start":{"line":23,"column":8},"end":{"line":23,"column":40}},"8":{"start":{"line":24,"column":8},"end":{"line":24,"column":31}},"9":{"start":{"line":25,"column":18},"end":{"line":25,"column":48}},"10":{"start":{"line":26,"column":8},"end":{"line":26,"column":25}},"11":{"start":{"line":27,"column":8},"end":{"line":27,"column":41}},"12":{"start":{"line":31,"column":4},"end":{"line":45,"column":5}},"13":{"start":{"line":40,"column":107},"end":{"line":40,"column":130}}},"fnMap":{"0":{"name":"Purchase","decl":{"start":{"line":12,"column":24},"end":{"line":12,"column":32}},"loc":{"start":{"line":12,"column":35},"end":{"line":47,"column":1}},"line":12},"1":{"name":"AmountChangeEventHandler","decl":{"start":{"line":17,"column":13},"end":{"line":17,"column":37}},"loc":{"start":{"line":18,"column":4},"end":{"line":29,"column":5}},"line":18},"2":{"name":"(anonymous_2)","decl":{"start":{"line":40,"column":101},"end":{"line":40,"column":102}},"loc":{"start":{"line":40,"column":107},"end":{"line":40,"column":130}},"line":40}},"branchMap":{},"s":{"0":13,"1":13,"2":13,"3":0,"4":0,"5":0,"6":0,"7":0,"8":0,"9":0,"10":0,"11":0,"12":13,"13":0},"f":{"0":13,"1":0,"2":0},"b":{},"_coverageSchema":"1a1c01bbd47fc00a2c39e90264f33305004495a9","hash":"f0931bda60ebf40e48e7aa9959b90fd85d2c4bdb"}
,"/home/anilkd/Desktop/minet-master 1/minet-master/minet/src/Components/Pages/Sell/Sell.tsx": {"path":"/home/anilkd/Desktop/minet-master 1/minet-master/minet/src/Components/Pages/Sell/Sell.tsx","statementMap":{"0":{"start":{"line":13,"column":21},"end":{"line":13,"column":34}},"1":{"start":{"line":14,"column":46},"end":{"line":14,"column":60}},"2":{"start":{"line":15,"column":21},"end":{"line":15,"column":30}},"3":{"start":{"line":19,"column":8},"end":{"line":19,"column":35}},"4":{"start":{"line":20,"column":8},"end":{"line":20,"column":31}},"5":{"start":{"line":21,"column":8},"end":{"line":21,"column":46}},"6":{"start":{"line":22,"column":8},"end":{"line":22,"column":49}},"7":{"start":{"line":23,"column":8},"end":{"line":23,"column":40}},"8":{"start":{"line":24,"column":8},"end":{"line":24,"column":31}},"9":{"start":{"line":25,"column":21},"end":{"line":25,"column":51}},"10":{"start":{"line":26,"column":8},"end":{"line":26,"column":28}},"11":{"start":{"line":27,"column":8},"end":{"line":27,"column":44}},"12":{"start":{"line":31,"column":4},"end":{"line":45,"column":5}},"13":{"start":{"line":41,"column":112},"end":{"line":41,"column":136}}},"fnMap":{"0":{"name":"Sell","decl":{"start":{"line":12,"column":24},"end":{"line":12,"column":28}},"loc":{"start":{"line":12,"column":31},"end":{"line":47,"column":1}},"line":12},"1":{"name":"AmountChangeEventHandler","decl":{"start":{"line":17,"column":13},"end":{"line":17,"column":37}},"loc":{"start":{"line":18,"column":4},"end":{"line":29,"column":5}},"line":18},"2":{"name":"(anonymous_2)","decl":{"start":{"line":41,"column":105},"end":{"line":41,"column":106}},"loc":{"start":{"line":41,"column":112},"end":{"line":41,"column":136}},"line":41}},"branchMap":{},"s":{"0":11,"1":11,"2":11,"3":0,"4":0,"5":0,"6":0,"7":0,"8":0,"9":0,"10":0,"11":0,"12":11,"13":0},"f":{"0":11,"1":0,"2":0},"b":{},"_coverageSchema":"1a1c01bbd47fc00a2c39e90264f33305004495a9","hash":"5d28b6a220beb99eeb2ed066d40be96691f3ff85"}
,"/home/anilkd/Desktop/minet-master 1/minet-master/minet/src/Components/Pages/paymentSuccessScreen/Buy.tsx": {"path":"/home/anilkd/Desktop/minet-master 1/minet-master/minet/src/Components/Pages/paymentSuccessScreen/Buy.tsx","statementMap":{"0":{"start":{"line":5,"column":0},"end":{"line":9,"column":1}}},"fnMap":{"0":{"name":"Buy","decl":{"start":{"line":4,"column":24},"end":{"line":4,"column":27}},"loc":{"start":{"line":4,"column":30},"end":{"line":10,"column":1}},"line":4}},"branchMap":{},"s":{"0":6},"f":{"0":6},"b":{},"_coverageSchema":"1a1c01bbd47fc00a2c39e90264f33305004495a9","hash":"ccb6a4e78b21fb1de2fc3fb8556c60e04b7d51a5"}
,"/home/anilkd/Desktop/minet-master 1/minet-master/minet/src/Components/Pages/sellSuccessScreen/Wallet.tsx": {"path":"/home/anilkd/Desktop/minet-master 1/minet-master/minet/src/Components/Pages/sellSuccessScreen/Wallet.tsx","statementMap":{"0":{"start":{"line":7,"column":0},"end":{"line":12,"column":1}}},"fnMap":{"0":{"name":"Wallet","decl":{"start":{"line":6,"column":24},"end":{"line":6,"column":30}},"loc":{"start":{"line":6,"column":33},"end":{"line":14,"column":1}},"line":6}},"branchMap":{},"s":{"0":6},"f":{"0":6},"b":{},"_coverageSchema":"1a1c01bbd47fc00a2c39e90264f33305004495a9","hash":"662f1ac9ee203d63ea002d41f7f01f4238bbbef0"}
,"/home/anilkd/Desktop/minet-master 1/minet-master/minet/src/Components/Templates/Base/Template.tsx": {"path":"/home/anilkd/Desktop/minet-master 1/minet-master/minet/src/Components/Templates/Base/Template.tsx","statementMap":{"0":{"start":{"line":12,"column":21},"end":{"line":12,"column":34}},"1":{"start":{"line":13,"column":4},"end":{"line":23,"column":6}},"2":{"start":{"line":16,"column":33},"end":{"line":16,"column":62}}},"fnMap":{"0":{"name":"Template","decl":{"start":{"line":10,"column":24},"end":{"line":10,"column":32}},"loc":{"start":{"line":10,"column":45},"end":{"line":24,"column":1}},"line":10},"1":{"name":"(anonymous_1)","decl":{"start":{"line":16,"column":27},"end":{"line":16,"column":28}},"loc":{"start":{"line":16,"column":33},"end":{"line":16,"column":62}},"line":16}},"branchMap":{},"s":{"0":46,"1":46,"2":0},"f":{"0":46,"1":0},"b":{},"_coverageSchema":"1a1c01bbd47fc00a2c39e90264f33305004495a9","hash":"a25846429c18d2ede4667160c25a5129dae02baf"}
,"/home/anilkd/Desktop/minet-master 1/minet-master/minet/src/Components/Templates/BuyScreen/BuySuccessScreen.tsx": {"path":"/home/anilkd/Desktop/minet-master 1/minet-master/minet/src/Components/Templates/BuyScreen/BuySuccessScreen.tsx","statementMap":{"0":{"start":{"line":8,"column":18},"end":{"line":26,"column":1}},"1":{"start":{"line":30,"column":20},"end":{"line":30,"column":31}},"2":{"start":{"line":31,"column":4},"end":{"line":48,"column":5}}},"fnMap":{"0":{"name":"BuySuccessScreen","decl":{"start":{"line":28,"column":24},"end":{"line":28,"column":40}},"loc":{"start":{"line":28,"column":43},"end":{"line":49,"column":1}},"line":28}},"branchMap":{},"s":{"0":2,"1":6,"2":6},"f":{"0":6},"b":{},"_coverageSchema":"1a1c01bbd47fc00a2c39e90264f33305004495a9","hash":"e73a51d85a140962ba2b8c76ba544e63312bdc0a"}
,"/home/anilkd/Desktop/minet-master 1/minet-master/minet/src/Components/Templates/SellScreen/SellSuccessScreen.tsx": {"path":"/home/anilkd/Desktop/minet-master 1/minet-master/minet/src/Components/Templates/SellScreen/SellSuccessScreen.tsx","statementMap":{"0":{"start":{"line":7,"column":18},"end":{"line":31,"column":1}},"1":{"start":{"line":34,"column":20},"end":{"line":34,"column":31}},"2":{"start":{"line":35,"column":4},"end":{"line":52,"column":5}}},"fnMap":{"0":{"name":"SellSuccessScreen","decl":{"start":{"line":33,"column":24},"end":{"line":33,"column":41}},"loc":{"start":{"line":33,"column":44},"end":{"line":53,"column":1}},"line":33}},"branchMap":{},"s":{"0":2,"1":6,"2":6},"f":{"0":6},"b":{},"_coverageSchema":"1a1c01bbd47fc00a2c39e90264f33305004495a9","hash":"2a92614c422ad948698c4548a1b0033e6199fc45"}
,"/home/anilkd/Desktop/minet-master 1/minet-master/minet/src/Themes/CustomThemeProvider.tsx": {"path":"/home/anilkd/Desktop/minet-master 1/minet-master/minet/src/Themes/CustomThemeProvider.tsx","statementMap":{"0":{"start":{"line":11,"column":4},"end":{"line":17,"column":5}}},"fnMap":{"0":{"name":"CustomThemeProvider","decl":{"start":{"line":10,"column":24},"end":{"line":10,"column":43}},"loc":{"start":{"line":10,"column":76},"end":{"line":18,"column":1}},"line":10}},"branchMap":{},"s":{"0":1},"f":{"0":1},"b":{},"_coverageSchema":"1a1c01bbd47fc00a2c39e90264f33305004495a9","hash":"e387f160be1f9f3883d9e02082c4d85ee11c83a3"}
,"/home/anilkd/Desktop/minet-master 1/minet-master/minet/src/Themes/Theme.tsx": {"path":"/home/anilkd/Desktop/minet-master 1/minet-master/minet/src/Themes/Theme.tsx","statementMap":{"0":{"start":{"line":88,"column":14},"end":{"line":134,"column":2}}},"fnMap":{},"branchMap":{},"s":{"0":12},"f":{},"b":{},"_coverageSchema":"1a1c01bbd47fc00a2c39e90264f33305004495a9","hash":"245ff43db86822582ab8ef0a1498e20697555c7b"}
}
