TN:
SF:src/App.tsx
FN:10,App
FNF:1
FNH:1
FNDA:1,App
DA:11,1
LF:1
LH:1
BRF:0
BRH:0
end_of_record
TN:
SF:src/index.tsx
FNF:0
FNH:0
DA:7,0
DA:17,0
LF:2
LH:0
BRF:0
BRH:0
end_of_record
TN:
SF:src/reportWebVitals.ts
FN:3,(anonymous_0)
FN:5,(anonymous_1)
FNF:2
FNH:0
FNDA:0,(anonymous_0)
FNDA:0,(anonymous_1)
DA:3,0
DA:4,0
DA:5,0
DA:6,0
DA:7,0
DA:8,0
DA:9,0
DA:10,0
LF:8
LH:0
BRDA:4,0,0,0
BRDA:4,0,1,0
BRDA:4,1,0,0
BRDA:4,1,1,0
BRF:4
BRH:0
end_of_record
TN:
SF:src/Components/Atoms/Avatar/Avatar.stories.tsx
FN:8,(anonymous_0)
FNF:1
FNH:0
FNDA:0,(anonymous_0)
DA:8,0
DA:9,0
DA:10,0
LF:3
LH:0
BRF:0
BRH:0
end_of_record
TN:
SF:src/Components/Atoms/Avatar/Avatar.tsx
FN:3,(anonymous_0)
FNF:1
FNH:1
FNDA:54,(anonymous_0)
DA:3,9
DA:4,54
LF:2
LH:2
BRF:0
BRH:0
end_of_record
TN:
SF:src/Components/Atoms/Button/Buttons.stories.tsx
FN:11,(anonymous_0)
FNF:1
FNH:0
FNDA:0,(anonymous_0)
DA:11,0
DA:12,0
DA:18,0
DA:19,0
DA:27,0
DA:28,0
LF:6
LH:0
BRF:0
BRH:0
end_of_record
TN:
SF:src/Components/Atoms/Button/Buttons.tsx
FN:18,(anonymous_0)
FNF:1
FNH:1
FNDA:294,(anonymous_0)
DA:18,12
DA:19,294
LF:2
LH:2
BRF:0
BRH:0
end_of_record
TN:
SF:src/Components/Atoms/Icons/Icon.stories.tsx
FN:18,(anonymous_0)
FN:19,(anonymous_1)
FN:20,(anonymous_2)
FN:21,(anonymous_3)
FN:22,(anonymous_4)
FN:23,(anonymous_5)
FN:24,(anonymous_6)
FN:25,(anonymous_7)
FNF:8
FNH:0
FNDA:0,(anonymous_0)
FNDA:0,(anonymous_1)
FNDA:0,(anonymous_2)
FNDA:0,(anonymous_3)
FNDA:0,(anonymous_4)
FNDA:0,(anonymous_5)
FNDA:0,(anonymous_6)
FNDA:0,(anonymous_7)
DA:14,0
DA:18,0
DA:19,0
DA:20,0
DA:21,0
DA:22,0
DA:23,0
DA:24,0
DA:25,0
LF:9
LH:0
BRF:0
BRH:0
end_of_record
TN:
SF:src/Components/Atoms/Icons/Icon.tsx
FN:4,(anonymous_0)
FNF:1
FNH:1
FNDA:86,(anonymous_0)
DA:4,5
DA:5,86
LF:2
LH:2
BRF:0
BRH:0
end_of_record
TN:
SF:src/Components/Atoms/Image/Images.stories.tsx
FN:7,(anonymous_0)
FNF:1
FNH:0
FNDA:0,(anonymous_0)
DA:7,0
DA:8,0
LF:2
LH:0
BRF:0
BRH:0
end_of_record
TN:
SF:src/Components/Atoms/Image/Images.tsx
FN:3,Image
FNF:1
FNH:1
FNDA:43,Image
DA:4,43
LF:1
LH:1
BRF:0
BRH:0
end_of_record
TN:
SF:src/Components/Atoms/Logo/Logo.stories.tsx
FN:7,(anonymous_0)
FNF:1
FNH:0
FNDA:0,(anonymous_0)
DA:7,0
LF:1
LH:0
BRF:0
BRH:0
end_of_record
TN:
SF:src/Components/Atoms/Logo/Logo.tsx
FN:3,logo
FNF:1
FNH:1
FNDA:1,logo
DA:4,1
LF:1
LH:1
BRF:0
BRH:0
end_of_record
TN:
SF:src/Components/Atoms/Typography/Typography.stories.tsx
FN:12,(anonymous_0)
FNF:1
FNH:0
FNDA:0,(anonymous_0)
DA:12,0
DA:14,0
DA:16,0
LF:3
LH:0
BRF:0
BRH:0
end_of_record
TN:
SF:src/Components/Atoms/Typography/Typography.tsx
FN:9,Typography
FNF:1
FNH:1
FNDA:1012,Typography
DA:10,1012
LF:1
LH:1
BRF:0
BRH:0
end_of_record
TN:
SF:src/Components/Molecules/ActiveCoin/ActiveCoin.tsx
FN:13,(anonymous_0)
FN:29,onButtonClickHandler
FNF:2
FNH:1
FNDA:9,(anonymous_0)
FNDA:0,onButtonClickHandler
DA:13,1
DA:17,9
DA:19,9
DA:30,0
DA:31,0
DA:32,0
DA:35,9
LF:7
LH:4
BRF:0
BRH:0
end_of_record
TN:
SF:src/Components/Molecules/Cards/Cards.stories.tsx
FN:8,(anonymous_0)
FNF:1
FNH:0
FNDA:0,(anonymous_0)
DA:8,0
DA:9,0
DA:10,0
LF:3
LH:0
BRF:0
BRH:0
end_of_record
TN:
SF:src/Components/Molecules/Cards/Cards.tsx
FN:7,(anonymous_0)
FN:9,onCardClickHandler
FNF:2
FNH:1
FNDA:1,(anonymous_0)
FNDA:0,onCardClickHandler
DA:7,5
DA:8,1
DA:10,0
DA:12,1
LF:4
LH:3
BRF:0
BRH:0
end_of_record
TN:
SF:src/Components/Molecules/ChartTabs/ChartTabs.tsx
FN:3,ChartTabs
FNF:1
FNH:1
FNDA:10,ChartTabs
DA:4,10
LF:1
LH:1
BRF:0
BRH:0
end_of_record
TN:
SF:src/Components/Molecules/Charts/Charts.tsx
FN:14,(anonymous_0)
FN:68,(anonymous_1)
FN:71,(anonymous_2)
FNF:3
FNH:3
FNDA:1,(anonymous_0)
FNDA:1,(anonymous_1)
FNDA:7,(anonymous_2)
DA:14,1
DA:16,1
DA:68,1
DA:69,1
DA:70,1
DA:71,7
DA:73,1
DA:106,1
DA:111,1
LF:9
LH:9
BRF:0
BRH:0
end_of_record
TN:
SF:src/Components/Molecules/CryptoList/CryptoList.stories.tsx
FN:12,(anonymous_0)
FNF:1
FNH:0
FNDA:0,(anonymous_0)
DA:12,0
DA:14,0
DA:15,0
LF:3
LH:0
BRF:0
BRH:0
end_of_record
TN:
SF:src/Components/Molecules/CryptoList/CryptoList.tsx
FN:10,CryptoList
FNF:1
FNH:1
FNDA:10,CryptoList
DA:11,10
LF:1
LH:1
BRF:0
BRH:0
end_of_record
TN:
SF:src/Components/Molecules/CurrencyCard/CurrencyCard.stories.tsx
FN:8,(anonymous_0)
FNF:1
FNH:0
FNDA:0,(anonymous_0)
DA:8,0
DA:9,0
DA:10,0
LF:3
LH:0
BRF:0
BRH:0
end_of_record
TN:
SF:src/Components/Molecules/CurrencyCard/CurrencyCard.tsx
FN:6,(anonymous_0)
FNF:1
FNH:1
FNDA:21,(anonymous_0)
DA:6,2
DA:7,21
LF:2
LH:2
BRF:0
BRH:0
end_of_record
TN:
SF:src/Components/Molecules/Deposit/deposit.stories.tsx
FN:13,(anonymous_0)
FNF:1
FNH:0
FNDA:0,(anonymous_0)
DA:13,0
DA:16,0
DA:17,0
LF:3
LH:0
BRF:0
BRH:0
end_of_record
TN:
SF:src/Components/Molecules/Deposit/deposit.tsx
FN:6,Deposit
FNF:1
FNH:1
FNDA:15,Deposit
DA:7,15
LF:1
LH:1
BRF:0
BRH:0
end_of_record
TN:
SF:src/Components/Molecules/Editor/Editor.stories.tsx
FN:13,(anonymous_0)
FNF:1
FNH:0
FNDA:0,(anonymous_0)
DA:13,0
DA:16,0
DA:17,0
LF:3
LH:0
BRF:0
BRH:0
end_of_record
TN:
SF:src/Components/Molecules/Editor/Editor.tsx
FN:7,Editor
FNF:1
FNH:1
FNDA:1,Editor
DA:8,1
LF:1
LH:1
BRF:0
BRH:0
end_of_record
TN:
SF:src/Components/Molecules/Investment/Investment.tsx
FN:7,Investment
FNF:1
FNH:1
FNDA:3,Investment
DA:8,3
LF:1
LH:1
BRF:0
BRH:0
end_of_record
TN:
SF:src/Components/Molecules/Profile/Profile.stories.tsx
FN:13,(anonymous_0)
FNF:1
FNH:0
FNDA:0,(anonymous_0)
DA:13,0
DA:16,0
DA:17,0
LF:3
LH:0
BRF:0
BRH:0
end_of_record
TN:
SF:src/Components/Molecules/Profile/Profile.tsx
FN:6,Profile
FNF:1
FNH:1
FNDA:53,Profile
DA:7,53
LF:1
LH:1
BRF:0
BRH:0
end_of_record
TN:
SF:src/Components/Molecules/TotalBalance/Balance.stories.tsx
FN:13,(anonymous_0)
FNF:1
FNH:0
FNDA:0,(anonymous_0)
DA:13,0
DA:16,0
DA:17,0
LF:3
LH:0
BRF:0
BRH:0
end_of_record
TN:
SF:src/Components/Molecules/TotalBalance/Balance.tsx
FN:7,Balance
FNF:1
FNH:1
FNDA:12,Balance
DA:8,12
LF:1
LH:1
BRF:0
BRH:0
end_of_record
TN:
SF:src/Components/Molecules/dropDown/DropDown.stories.tsx
FN:13,(anonymous_0)
FNF:1
FNH:0
FNDA:0,(anonymous_0)
DA:13,0
DA:16,0
DA:17,0
LF:3
LH:0
BRF:0
BRH:0
end_of_record
TN:
SF:src/Components/Molecules/dropDown/DropDown.tsx
FN:14,DropDown
FN:59,(anonymous_1)
FNF:2
FNH:2
FNDA:14,DropDown
FNDA:25,(anonymous_1)
DA:16,14
DA:51,14
DA:53,14
DA:59,25
LF:4
LH:4
BRF:0
BRH:0
end_of_record
TN:
SF:src/Components/Molecules/myWallet/myWallet.stories.tsx
FN:12,(anonymous_0)
FNF:1
FNH:0
FNDA:0,(anonymous_0)
DA:12,0
DA:15,0
DA:16,0
LF:3
LH:0
BRF:0
BRH:0
end_of_record
TN:
SF:src/Components/Molecules/myWallet/myWallet.tsx
FN:7,MyWallet
FNF:1
FNH:1
FNDA:6,MyWallet
DA:8,6
LF:1
LH:1
BRF:0
BRH:0
end_of_record
TN:
SF:src/Components/Molecules/paymentMethod/PaymentMethod.stories.tsx
FN:11,(anonymous_0)
FNF:1
FNH:0
FNDA:0,(anonymous_0)
DA:11,0
DA:14,0
DA:15,0
LF:3
LH:0
BRF:0
BRH:0
end_of_record
TN:
SF:src/Components/Molecules/paymentMethod/PaymentMethod.tsx
FN:6,PaymentMethod
FNF:1
FNH:1
FNDA:14,PaymentMethod
DA:7,14
LF:1
LH:1
BRF:0
BRH:0
end_of_record
TN:
SF:src/Components/Molecules/reacentTransaction/recentTransaction.tsx
FN:7,RecentTransaction
FNF:1
FNH:1
FNDA:6,RecentTransaction
DA:8,6
LF:1
LH:1
BRF:0
BRH:0
end_of_record
TN:
SF:src/Components/Organisms/ActiveTransaction/ActiveTransaction.tsx
FN:10,ActiveTransaction
FNF:1
FNH:1
FNDA:3,ActiveTransaction
DA:13,3
LF:1
LH:1
BRF:0
BRH:0
end_of_record
TN:
SF:src/Components/Organisms/AmountDetails/Amount.stories.tsx
FN:11,(anonymous_0)
FNF:1
FNH:0
FNDA:0,(anonymous_0)
DA:11,0
DA:14,0
DA:15,0
LF:3
LH:0
BRF:0
BRH:0
end_of_record
TN:
SF:src/Components/Organisms/AmountDetails/Amount.tsx
FN:14,(anonymous_0)
FNF:1
FNH:1
FNDA:26,(anonymous_0)
DA:14,4
DA:16,26
LF:2
LH:2
BRF:0
BRH:0
end_of_record
TN:
SF:src/Components/Organisms/Countables/Countables.tsx
FN:5,Countables
FNF:1
FNH:1
FNDA:5,Countables
DA:6,5
LF:1
LH:1
BRF:0
BRH:0
end_of_record
TN:
SF:src/Components/Organisms/Footer/Footer.stories.tsx
FN:10,(anonymous_0)
FNF:1
FNH:0
FNDA:0,(anonymous_0)
DA:10,0
DA:11,0
DA:12,0
LF:3
LH:0
BRF:0
BRH:0
end_of_record
TN:
SF:src/Components/Organisms/Footer/Footer.tsx
FN:11,(anonymous_0)
FNF:1
FNH:1
FNDA:49,(anonymous_0)
DA:11,7
DA:13,49
DA:26,49
DA:28,49
LF:4
LH:4
BRF:0
BRH:0
end_of_record
TN:
SF:src/Components/Organisms/Header/Header.stories.tsx
FN:14,(anonymous_0)
FNF:1
FNH:0
FNDA:0,(anonymous_0)
DA:14,0
DA:16,0
DA:17,0
DA:25,0
DA:26,0
LF:5
LH:0
BRF:0
BRH:0
end_of_record
TN:
SF:src/Components/Organisms/Header/Header.tsx
FN:13,Header
FN:61,(anonymous_1)
FN:62,(anonymous_2)
FNF:3
FNH:3
FNDA:52,Header
FNDA:5,(anonymous_1)
FNDA:4,(anonymous_2)
DA:14,52
DA:15,52
DA:52,52
DA:54,52
DA:61,5
DA:62,4
LF:6
LH:6
BRF:0
BRH:0
end_of_record
TN:
SF:src/Components/Organisms/Nav-Bars/Nav-Bars.stories.tsx
FN:11,(anonymous_0)
FNF:1
FNH:0
FNDA:0,(anonymous_0)
DA:11,0
DA:14,0
DA:15,0
LF:3
LH:0
BRF:0
BRH:0
end_of_record
TN:
SF:src/Components/Organisms/Nav-Bars/NavBarLoad.tsx
FN:16,(anonymous_0)
FNF:1
FNH:1
FNDA:54,(anonymous_0)
DA:16,7
DA:19,54
LF:2
LH:2
BRF:0
BRH:0
end_of_record
TN:
SF:src/Components/Organisms/Summary/OrderSummery.stories.tsx
FN:14,(anonymous_0)
FNF:1
FNH:0
FNDA:0,(anonymous_0)
DA:14,0
DA:15,0
DA:18,0
DA:19,0
LF:4
LH:0
BRF:0
BRH:0
end_of_record
TN:
SF:src/Components/Organisms/Summary/OrderSummery.tsx
FN:24,(anonymous_0)
FNF:1
FNH:1
FNDA:27,(anonymous_0)
DA:24,4
DA:27,27
LF:2
LH:2
BRF:0
BRH:0
end_of_record
TN:
SF:src/Components/Organisms/gridCard/gridCard.tsx
FN:34,(anonymous_0)
FN:36,CardChangeHandler
FN:44,(anonymous_2)
FN:45,(anonymous_3)
FN:55,(anonymous_4)
FN:56,(anonymous_5)
FNF:6
FNH:4
FNDA:25,(anonymous_0)
FNDA:0,CardChangeHandler
FNDA:20,(anonymous_2)
FNDA:20,(anonymous_3)
FNDA:25,(anonymous_4)
FNDA:0,(anonymous_5)
DA:15,4
DA:34,4
DA:38,0
DA:39,0
DA:42,25
DA:44,25
DA:45,20
DA:46,20
DA:47,0
DA:48,0
DA:50,20
DA:55,25
DA:56,25
DA:57,0
DA:68,25
DA:70,25
LF:16
LH:11
BRF:0
BRH:0
end_of_record
TN:
SF:src/Components/Pages/Purchase/Purchase.tsx
FN:12,Purchase
FN:17,AmountChangeEventHandler
FN:40,(anonymous_2)
FNF:3
FNH:1
FNDA:13,Purchase
FNDA:0,AmountChangeEventHandler
FNDA:0,(anonymous_2)
DA:13,13
DA:14,13
DA:15,13
DA:19,0
DA:20,0
DA:21,0
DA:22,0
DA:23,0
DA:24,0
DA:25,0
DA:26,0
DA:27,0
DA:31,13
DA:40,0
LF:14
LH:4
BRF:0
BRH:0
end_of_record
TN:
SF:src/Components/Pages/Sell/Sell.tsx
FN:12,Sell
FN:17,AmountChangeEventHandler
FN:41,(anonymous_2)
FNF:3
FNH:1
FNDA:11,Sell
FNDA:0,AmountChangeEventHandler
FNDA:0,(anonymous_2)
DA:13,11
DA:14,11
DA:15,11
DA:19,0
DA:20,0
DA:21,0
DA:22,0
DA:23,0
DA:24,0
DA:25,0
DA:26,0
DA:27,0
DA:31,11
DA:41,0
LF:14
LH:4
BRF:0
BRH:0
end_of_record
TN:
SF:src/Components/Pages/paymentSuccessScreen/Buy.tsx
FN:4,Buy
FNF:1
FNH:1
FNDA:6,Buy
DA:5,6
LF:1
LH:1
BRF:0
BRH:0
end_of_record
TN:
SF:src/Components/Pages/sellSuccessScreen/Wallet.tsx
FN:6,Wallet
FNF:1
FNH:1
FNDA:6,Wallet
DA:7,6
LF:1
LH:1
BRF:0
BRH:0
end_of_record
TN:
SF:src/Components/Templates/Base/Template.tsx
FN:10,Template
FN:16,(anonymous_1)
FNF:2
FNH:1
FNDA:46,Template
FNDA:0,(anonymous_1)
DA:12,46
DA:13,46
DA:16,0
LF:3
LH:2
BRF:0
BRH:0
end_of_record
TN:
SF:src/Components/Templates/BuyScreen/BuySuccessScreen.tsx
FN:28,BuySuccessScreen
FNF:1
FNH:1
FNDA:6,BuySuccessScreen
DA:8,2
DA:30,6
DA:31,6
LF:3
LH:3
BRF:0
BRH:0
end_of_record
TN:
SF:src/Components/Templates/SellScreen/SellSuccessScreen.tsx
FN:33,SellSuccessScreen
FNF:1
FNH:1
FNDA:6,SellSuccessScreen
DA:7,2
DA:34,6
DA:35,6
LF:3
LH:3
BRF:0
BRH:0
end_of_record
TN:
SF:src/Themes/CustomThemeProvider.tsx
FN:10,CustomThemeProvider
FNF:1
FNH:1
FNDA:1,CustomThemeProvider
DA:11,1
LF:1
LH:1
BRF:0
BRH:0
end_of_record
TN:
SF:src/Themes/Theme.tsx
FNF:0
FNH:0
DA:88,12
LF:1
LH:1
BRF:0
BRH:0
end_of_record
